<?xml version="1.0" encoding="UTF-8"?>
<coverage generated="1654851995745" clover="3.2.0">
  <project timestamp="1654851995746" name="All files">
    <metrics statements="331" coveredstatements="208" conditionals="110" coveredconditionals="59" methods="115" coveredmethods="58" elements="556" coveredelements="325" complexity="0" loc="331" ncloc="331" packages="16" files="26" classes="26"/>
    <package name="src">
      <metrics statements="3" coveredstatements="0" conditionals="0" coveredconditionals="0" methods="1" coveredmethods="0"/>
      <file name="App.js" path="/Users/jihane/Desktop/microverse/LastProject/book-a-doctor-frontend/src/App.js">
        <metrics statements="2" coveredstatements="0" conditionals="0" coveredconditionals="0" methods="1" coveredmethods="0"/>
        <line num="14" count="0" type="stmt"/>
        <line num="15" count="0" type="stmt"/>
      </file>
      <file name="index.js" path="/Users/jihane/Desktop/microverse/LastProject/book-a-doctor-frontend/src/index.js">
        <metrics statements="1" coveredstatements="0" conditionals="0" coveredconditionals="0" methods="0" coveredmethods="0"/>
        <line num="9" count="0" type="stmt"/>
      </file>
    </package>
    <package name="src.components">
      <metrics statements="3" coveredstatements="2" conditionals="0" coveredconditionals="0" methods="2" coveredmethods="1"/>
      <file name="AnimateWrapper.js" path="/Users/jihane/Desktop/microverse/LastProject/book-a-doctor-frontend/src/components/AnimateWrapper.js">
        <metrics statements="2" coveredstatements="2" conditionals="0" coveredconditionals="0" methods="1" coveredmethods="1"/>
        <line num="5" count="4" type="stmt"/>
        <line num="8" count="20" type="stmt"/>
      </file>
      <file name="Spinner.js" path="/Users/jihane/Desktop/microverse/LastProject/book-a-doctor-frontend/src/components/Spinner.js">
        <metrics statements="1" coveredstatements="0" conditionals="0" coveredconditionals="0" methods="1" coveredmethods="0"/>
        <line num="5" count="0" type="stmt"/>
      </file>
    </package>
    <package name="src.components.Doctors">
      <metrics statements="64" coveredstatements="30" conditionals="16" coveredconditionals="8" methods="23" coveredmethods="9"/>
      <file name="AddDoctor.js" path="/Users/jihane/Desktop/microverse/LastProject/book-a-doctor-frontend/src/components/Doctors/AddDoctor.js">
        <metrics statements="24" coveredstatements="8" conditionals="8" coveredconditionals="2" methods="7" coveredmethods="2"/>
        <line num="9" count="3" type="stmt"/>
        <line num="10" count="3" type="stmt"/>
        <line num="11" count="3" type="stmt"/>
        <line num="12" count="3" type="stmt"/>
        <line num="13" count="3" type="stmt"/>
        <line num="15" count="3" type="stmt"/>
        <line num="18" count="0" type="stmt"/>
        <line num="19" count="0" type="stmt"/>
        <line num="20" count="0" type="stmt"/>
        <line num="21" count="0" type="stmt"/>
        <line num="22" count="0" type="stmt"/>
        <line num="23" count="0" type="stmt"/>
        <line num="24" count="0" type="cond" truecount="0" falsecount="2"/>
        <line num="25" count="0" type="stmt"/>
        <line num="28" count="3" type="stmt"/>
        <line num="29" count="0" type="stmt"/>
        <line num="30" count="0" type="stmt"/>
        <line num="31" count="0" type="stmt"/>
        <line num="32" count="0" type="stmt"/>
        <line num="33" count="0" type="cond" truecount="0" falsecount="2"/>
        <line num="34" count="0" type="stmt"/>
        <line num="35" count="0" type="stmt"/>
        <line num="39" count="3" type="stmt"/>
        <line num="45" count="0" type="stmt"/>
      </file>
      <file name="BookAppointment.js" path="/Users/jihane/Desktop/microverse/LastProject/book-a-doctor-frontend/src/components/Doctors/BookAppointment.js">
        <metrics statements="28" coveredstatements="15" conditionals="8" coveredconditionals="6" methods="10" coveredmethods="5"/>
        <line num="9" count="8" type="stmt"/>
        <line num="10" count="8" type="stmt"/>
        <line num="12" count="11" type="cond" truecount="2" falsecount="0"/>
        <line num="13" count="8" type="stmt"/>
        <line num="14" count="8" type="stmt"/>
        <line num="15" count="8" type="stmt"/>
        <line num="16" count="11" type="cond" truecount="2" falsecount="0"/>
        <line num="18" count="8" type="stmt"/>
        <line num="19" count="3" type="cond" truecount="1" falsecount="1"/>
        <line num="20" count="0" type="stmt"/>
        <line num="22" count="0" type="stmt"/>
        <line num="23" count="0" type="stmt"/>
        <line num="25" count="3" type="stmt"/>
        <line num="29" count="8" type="stmt"/>
        <line num="30" count="0" type="stmt"/>
        <line num="31" count="0" type="stmt"/>
        <line num="34" count="8" type="stmt"/>
        <line num="35" count="0" type="stmt"/>
        <line num="36" count="0" type="stmt"/>
        <line num="37" count="0" type="stmt"/>
        <line num="40" count="8" type="cond" truecount="1" falsecount="1"/>
        <line num="41" count="0" type="stmt"/>
        <line num="42" count="0" type="stmt"/>
        <line num="45" count="8" type="stmt"/>
        <line num="49" count="0" type="stmt"/>
        <line num="51" count="0" type="stmt"/>
        <line num="56" count="0" type="stmt"/>
        <line num="72" count="1" type="stmt"/>
      </file>
      <file name="Details.js" path="/Users/jihane/Desktop/microverse/LastProject/book-a-doctor-frontend/src/components/Doctors/Details.js">
        <metrics statements="11" coveredstatements="7" conditionals="0" coveredconditionals="0" methods="5" coveredmethods="2"/>
        <line num="8" count="1" type="stmt"/>
        <line num="9" count="1" type="stmt"/>
        <line num="10" count="1" type="stmt"/>
        <line num="11" count="1" type="stmt"/>
        <line num="13" count="1" type="stmt"/>
        <line num="14" count="0" type="stmt"/>
        <line num="17" count="1" type="stmt"/>
        <line num="18" count="0" type="stmt"/>
        <line num="19" count="0" type="stmt"/>
        <line num="22" count="1" type="stmt"/>
        <line num="47" count="0" type="stmt"/>
      </file>
      <file name="ListDoctors.js" path="/Users/jihane/Desktop/microverse/LastProject/book-a-doctor-frontend/src/components/Doctors/ListDoctors.js">
        <metrics statements="1" coveredstatements="0" conditionals="0" coveredconditionals="0" methods="1" coveredmethods="0"/>
        <line num="4" count="0" type="stmt"/>
      </file>
    </package>
    <package name="src.components.Doctors.Carousel">
      <metrics statements="7" coveredstatements="6" conditionals="0" coveredconditionals="0" methods="2" coveredmethods="1"/>
      <file name="CarouselItem.js" path="/Users/jihane/Desktop/microverse/LastProject/book-a-doctor-frontend/src/components/Doctors/Carousel/CarouselItem.js">
        <metrics statements="7" coveredstatements="6" conditionals="0" coveredconditionals="0" methods="2" coveredmethods="1"/>
        <line num="10" count="2" type="stmt"/>
        <line num="13" count="15" type="stmt"/>
        <line num="14" count="15" type="stmt"/>
        <line num="15" count="0" type="stmt"/>
        <line num="17" count="15" type="stmt"/>
        <line num="37" count="2" type="stmt"/>
        <line num="41" count="2" type="stmt"/>
      </file>
    </package>
    <package name="src.components.Navigation">
      <metrics statements="15" coveredstatements="0" conditionals="10" coveredconditionals="0" methods="7" coveredmethods="0"/>
      <file name="Navbar.js" path="/Users/jihane/Desktop/microverse/LastProject/book-a-doctor-frontend/src/components/Navigation/Navbar.js">
        <metrics statements="10" coveredstatements="0" conditionals="8" coveredconditionals="0" methods="6" coveredmethods="0"/>
        <line num="12" count="0" type="stmt"/>
        <line num="14" count="0" type="stmt"/>
        <line num="16" count="0" type="stmt"/>
        <line num="17" count="0" type="cond" truecount="0" falsecount="2"/>
        <line num="18" count="0" type="stmt"/>
        <line num="19" count="0" type="stmt"/>
        <line num="20" count="0" type="stmt"/>
        <line num="21" count="0" type="stmt"/>
        <line num="24" count="0" type="stmt"/>
        <line num="48" count="0" type="stmt"/>
      </file>
      <file name="SidebarData.js" path="/Users/jihane/Desktop/microverse/LastProject/book-a-doctor-frontend/src/components/Navigation/SidebarData.js">
        <metrics statements="5" coveredstatements="0" conditionals="2" coveredconditionals="0" methods="1" coveredmethods="0"/>
        <line num="6" count="0" type="stmt"/>
        <line num="44" count="0" type="stmt"/>
        <line num="69" count="0" type="cond" truecount="0" falsecount="2"/>
        <line num="70" count="0" type="stmt"/>
        <line num="71" count="0" type="stmt"/>
      </file>
    </package>
    <package name="src.components.Reservations">
      <metrics statements="1" coveredstatements="0" conditionals="0" coveredconditionals="0" methods="1" coveredmethods="0"/>
      <file name="MyReservations.js" path="/Users/jihane/Desktop/microverse/LastProject/book-a-doctor-frontend/src/components/Reservations/MyReservations.js">
        <metrics statements="1" coveredstatements="0" conditionals="0" coveredconditionals="0" methods="1" coveredmethods="0"/>
        <line num="4" count="0" type="stmt"/>
      </file>
    </package>
    <package name="src.components.routes">
      <metrics statements="7" coveredstatements="0" conditionals="2" coveredconditionals="0" methods="2" coveredmethods="0"/>
      <file name="PrivateRoute.js" path="/Users/jihane/Desktop/microverse/LastProject/book-a-doctor-frontend/src/components/routes/PrivateRoute.js">
        <metrics statements="7" coveredstatements="0" conditionals="2" coveredconditionals="0" methods="2" coveredmethods="0"/>
        <line num="7" count="0" type="stmt"/>
        <line num="8" count="0" type="stmt"/>
        <line num="10" count="0" type="stmt"/>
        <line num="11" count="0" type="cond" truecount="0" falsecount="2"/>
        <line num="12" count="0" type="stmt"/>
        <line num="16" count="0" type="stmt"/>
        <line num="24" count="0" type="stmt"/>
      </file>
    </package>
    <package name="src.helpers.api">
      <metrics statements="14" coveredstatements="9" conditionals="0" coveredconditionals="0" methods="11" coveredmethods="5"/>
      <file name="call.js" path="/Users/jihane/Desktop/microverse/LastProject/book-a-doctor-frontend/src/helpers/api/call.js">
        <metrics statements="14" coveredstatements="9" conditionals="0" coveredconditionals="0" methods="11" coveredmethods="5"/>
        <line num="3" count="14" type="stmt"/>
        <line num="5" count="14" type="stmt"/>
        <line num="7" count="14" type="stmt"/>
        <line num="14" count="0" type="stmt"/>
        <line num="16" count="14" type="stmt"/>
        <line num="23" count="2" type="stmt"/>
        <line num="25" count="14" type="stmt"/>
        <line num="29" count="3" type="stmt"/>
        <line num="31" count="14" type="stmt"/>
        <line num="32" count="0" type="stmt"/>
        <line num="39" count="0" type="stmt"/>
        <line num="41" count="0" type="stmt"/>
        <line num="44" count="14" type="stmt"/>
        <line num="50" count="0" type="stmt"/>
      </file>
    </package>
    <package name="src.helpers.format">
      <metrics statements="21" coveredstatements="15" conditionals="8" coveredconditionals="3" methods="6" coveredmethods="3"/>
      <file name="StorageManager.js" path="/Users/jihane/Desktop/microverse/LastProject/book-a-doctor-frontend/src/helpers/format/StorageManager.js">
        <metrics statements="3" coveredstatements="3" conditionals="2" coveredconditionals="1" methods="3" coveredmethods="1"/>
        <line num="2" count="14" type="cond" truecount="1" falsecount="1"/>
        <line num="4" count="14" type="stmt"/>
        <line num="6" count="14" type="stmt"/>
      </file>
      <file name="format.js" path="/Users/jihane/Desktop/microverse/LastProject/book-a-doctor-frontend/src/helpers/format/format.js">
        <metrics statements="18" coveredstatements="12" conditionals="6" coveredconditionals="2" methods="3" coveredmethods="2"/>
        <line num="3" count="11" type="stmt"/>
        <line num="4" count="0" type="stmt"/>
        <line num="5" count="0" type="stmt"/>
        <line num="6" count="0" type="stmt"/>
        <line num="7" count="0" type="stmt"/>
        <line num="8" count="0" type="stmt"/>
        <line num="11" count="11" type="stmt"/>
        <line num="12" count="3" type="stmt"/>
        <line num="13" count="3" type="stmt"/>
        <line num="14" count="3" type="stmt"/>
        <line num="15" count="3" type="stmt"/>
        <line num="16" count="6" type="stmt"/>
        <line num="19" count="3" type="stmt"/>
        <line num="22" count="11" type="stmt"/>
        <line num="23" count="2" type="stmt"/>
        <line num="24" count="2" type="cond" truecount="2" falsecount="4"/>
        <line num="25" count="2" type="stmt"/>
        <line num="27" count="0" type="stmt"/>
      </file>
    </package>
    <package name="src.pages.Login">
      <metrics statements="21" coveredstatements="19" conditionals="8" coveredconditionals="5" methods="7" coveredmethods="7"/>
      <file name="Login.js" path="/Users/jihane/Desktop/microverse/LastProject/book-a-doctor-frontend/src/pages/Login/Login.js">
        <metrics statements="21" coveredstatements="19" conditionals="8" coveredconditionals="5" methods="7" coveredmethods="7"/>
        <line num="9" count="2" type="stmt"/>
        <line num="11" count="15" type="stmt"/>
        <line num="13" count="15" type="stmt"/>
        <line num="14" count="2" type="cond" truecount="1" falsecount="1"/>
        <line num="15" count="0" type="stmt"/>
        <line num="19" count="21" type="stmt"/>
        <line num="20" count="15" type="stmt"/>
        <line num="22" count="15" type="stmt"/>
        <line num="27" count="15" type="stmt"/>
        <line num="29" count="15" type="stmt"/>
        <line num="31" count="15" type="stmt"/>
        <line num="33" count="15" type="stmt"/>
        <line num="34" count="4" type="stmt"/>
        <line num="40" count="15" type="stmt"/>
        <line num="41" count="2" type="stmt"/>
        <line num="42" count="2" type="stmt"/>
        <line num="43" count="2" type="cond" truecount="1" falsecount="1"/>
        <line num="44" count="0" type="stmt"/>
        <line num="46" count="2" type="stmt"/>
        <line num="50" count="15" type="stmt"/>
        <line num="52" count="15" type="stmt"/>
      </file>
    </package>
    <package name="src.pages.NotFound">
      <metrics statements="1" coveredstatements="0" conditionals="0" coveredconditionals="0" methods="1" coveredmethods="0"/>
      <file name="NotFound.js" path="/Users/jihane/Desktop/microverse/LastProject/book-a-doctor-frontend/src/pages/NotFound/NotFound.js">
        <metrics statements="1" coveredstatements="0" conditionals="0" coveredconditionals="0" methods="1" coveredmethods="0"/>
        <line num="3" count="0" type="stmt"/>
      </file>
    </package>
    <package name="src.pages.Signup">
      <metrics statements="36" coveredstatements="35" conditionals="16" coveredconditionals="12" methods="12" coveredmethods="12"/>
      <file name="FormInput.js" path="/Users/jihane/Desktop/microverse/LastProject/book-a-doctor-frontend/src/pages/Signup/FormInput.js">
        <metrics statements="12" coveredstatements="12" conditionals="6" coveredconditionals="5" methods="4" coveredmethods="4"/>
        <line num="5" count="2" type="stmt"/>
        <line num="6" count="857" type="stmt"/>
        <line num="10" count="857" type="stmt"/>
        <line num="12" count="857" type="stmt"/>
        <line num="13" count="19" type="stmt"/>
        <line num="16" count="857" type="cond" truecount="2" falsecount="0"/>
        <line num="17" count="349" type="stmt"/>
        <line num="27" count="5" type="cond" truecount="1" falsecount="1"/>
        <line num="34" count="508" type="stmt"/>
        <line num="44" count="15" type="cond" truecount="2" falsecount="0"/>
        <line num="53" count="2" type="stmt"/>
        <line num="63" count="2" type="stmt"/>
      </file>
      <file name="Signup.js" path="/Users/jihane/Desktop/microverse/LastProject/book-a-doctor-frontend/src/pages/Signup/Signup.js">
        <metrics statements="24" coveredstatements="23" conditionals="10" coveredconditionals="7" methods="8" coveredmethods="8"/>
        <line num="11" count="2" type="stmt"/>
        <line num="12" count="209" type="stmt"/>
        <line num="14" count="209" type="stmt"/>
        <line num="16" count="212" type="cond" truecount="2" falsecount="0"/>
        <line num="17" count="212" type="cond" truecount="2" falsecount="0"/>
        <line num="19" count="209" type="stmt"/>
        <line num="26" count="209" type="stmt"/>
        <line num="60" count="209" type="stmt"/>
        <line num="61" count="199" type="stmt"/>
        <line num="64" count="209" type="cond" truecount="1" falsecount="1"/>
        <line num="65" count="0" type="stmt"/>
        <line num="68" count="209" type="stmt"/>
        <line num="69" count="4" type="stmt"/>
        <line num="71" count="4" type="stmt"/>
        <line num="72" count="4" type="stmt"/>
        <line num="73" count="4" type="stmt"/>
        <line num="74" count="4" type="stmt"/>
        <line num="75" count="4" type="stmt"/>
        <line num="77" count="4" type="cond" truecount="2" falsecount="2"/>
        <line num="79" count="4" type="stmt"/>
        <line num="82" count="209" type="stmt"/>
        <line num="89" count="168" type="stmt"/>
        <line num="95" count="4" type="stmt"/>
        <line num="97" count="836" type="stmt"/>
      </file>
    </package>
    <package name="src.pages.Welcome">
      <metrics statements="22" coveredstatements="17" conditionals="16" coveredconditionals="11" methods="6" coveredmethods="4"/>
      <file name="Welcome.js" path="/Users/jihane/Desktop/microverse/LastProject/book-a-doctor-frontend/src/pages/Welcome/Welcome.js">
        <metrics statements="22" coveredstatements="17" conditionals="16" coveredconditionals="11" methods="6" coveredmethods="4"/>
        <line num="10" count="2" type="stmt"/>
        <line num="11" count="2" type="stmt"/>
        <line num="12" count="6" type="stmt"/>
        <line num="14" count="6" type="stmt"/>
        <line num="19" count="6" type="stmt"/>
        <line num="21" count="6" type="stmt"/>
        <line num="22" count="5" type="cond" truecount="2" falsecount="0"/>
        <line num="23" count="1" type="stmt"/>
        <line num="24" count="1" type="stmt"/>
        <line num="28" count="6" type="cond" truecount="3" falsecount="1"/>
        <line num="29" count="0" type="stmt"/>
        <line num="32" count="6" type="cond" truecount="4" falsecount="0"/>
        <line num="33" count="1" type="stmt"/>
        <line num="42" count="5" type="stmt"/>
        <line num="44" count="5" type="stmt"/>
        <line num="45" count="0" type="cond" truecount="0" falsecount="2"/>
        <line num="46" count="0" type="stmt"/>
        <line num="49" count="5" type="stmt"/>
        <line num="50" count="0" type="cond" truecount="0" falsecount="2"/>
        <line num="51" count="0" type="stmt"/>
        <line num="54" count="5" type="stmt"/>
        <line num="73" count="15" type="stmt"/>
      </file>
    </package>
    <package name="src.redux">
      <metrics statements="2" coveredstatements="2" conditionals="0" coveredconditionals="0" methods="0" coveredmethods="0"/>
      <file name="store.js" path="/Users/jihane/Desktop/microverse/LastProject/book-a-doctor-frontend/src/redux/store.js">
        <metrics statements="2" coveredstatements="2" conditionals="0" coveredconditionals="0" methods="0" coveredmethods="0"/>
        <line num="7" count="10" type="stmt"/>
        <line num="13" count="10" type="stmt"/>
      </file>
    </package>
    <package name="src.redux.bookDoctor">
      <metrics statements="88" coveredstatements="49" conditionals="21" coveredconditionals="8" methods="28" coveredmethods="11"/>
      <file name="doctorActions.js" path="/Users/jihane/Desktop/microverse/LastProject/book-a-doctor-frontend/src/redux/bookDoctor/doctorActions.js">
        <metrics statements="37" coveredstatements="30" conditionals="13" coveredconditionals="7" methods="11" coveredmethods="3"/>
        <line num="2" count="13" type="stmt"/>
        <line num="3" count="13" type="stmt"/>
        <line num="4" count="13" type="stmt"/>
        <line num="5" count="13" type="stmt"/>
        <line num="6" count="13" type="stmt"/>
        <line num="7" count="13" type="stmt"/>
        <line num="8" count="13" type="stmt"/>
        <line num="9" count="13" type="stmt"/>
        <line num="10" count="13" type="stmt"/>
        <line num="11" count="13" type="stmt"/>
        <line num="12" count="13" type="stmt"/>
        <line num="15" count="13" type="stmt"/>
        <line num="26" count="13" type="stmt"/>
        <line num="31" count="13" type="stmt"/>
        <line num="36" count="13" type="stmt"/>
        <line num="41" count="13" type="stmt"/>
        <line num="46" count="13" type="stmt"/>
        <line num="50" count="13" type="stmt"/>
        <line num="55" count="13" type="stmt"/>
        <line num="60" count="13" type="stmt"/>
        <line num="65" count="13" type="stmt"/>
        <line num="70" count="13" type="stmt"/>
        <line num="78" count="13" type="cond" truecount="1" falsecount="0"/>
        <line num="79" count="45" type="cond" truecount="6" falsecount="6"/>
        <line num="81" count="1" type="stmt"/>
        <line num="83" count="0" type="stmt"/>
        <line num="85" count="0" type="stmt"/>
        <line num="86" count="0" type="stmt"/>
        <line num="89" count="2" type="stmt"/>
        <line num="91" count="7" type="stmt"/>
        <line num="93" count="0" type="stmt"/>
        <line num="95" count="1" type="stmt"/>
        <line num="97" count="0" type="stmt"/>
        <line num="99" count="0" type="stmt"/>
        <line num="101" count="1" type="stmt"/>
        <line num="103" count="0" type="stmt"/>
        <line num="105" count="33" type="stmt"/>
      </file>
      <file name="doctorThunks.js" path="/Users/jihane/Desktop/microverse/LastProject/book-a-doctor-frontend/src/redux/bookDoctor/doctorThunks.js">
        <metrics statements="51" coveredstatements="19" conditionals="8" coveredconditionals="1" methods="17" coveredmethods="8"/>
        <line num="9" count="11" type="stmt"/>
        <line num="10" count="4" type="stmt"/>
        <line num="11" count="4" type="stmt"/>
        <line num="12" count="4" type="stmt"/>
        <line num="13" count="0" type="stmt"/>
        <line num="14" count="0" type="stmt"/>
        <line num="15" count="0" type="stmt"/>
        <line num="16" count="0" type="stmt"/>
        <line num="18" count="0" type="stmt"/>
        <line num="19" count="0" type="stmt"/>
        <line num="23" count="11" type="stmt"/>
        <line num="24" count="0" type="stmt"/>
        <line num="25" count="0" type="stmt"/>
        <line num="26" count="0" type="stmt"/>
        <line num="27" count="0" type="stmt"/>
        <line num="28" count="0" type="stmt"/>
        <line num="30" count="0" type="stmt"/>
        <line num="31" count="0" type="stmt"/>
        <line num="35" count="11" type="stmt"/>
        <line num="36" count="2" type="stmt"/>
        <line num="37" count="2" type="stmt"/>
        <line num="38" count="2" type="stmt"/>
        <line num="39" count="2" type="stmt"/>
        <line num="41" count="2" type="stmt"/>
        <line num="42" count="2" type="stmt"/>
        <line num="43" count="2" type="cond" truecount="1" falsecount="1"/>
        <line num="44" count="0" type="stmt"/>
        <line num="45" count="0" type="stmt"/>
        <line num="46" count="0" type="stmt"/>
        <line num="48" count="2" type="stmt"/>
        <line num="51" count="2" type="stmt"/>
        <line num="54" count="11" type="stmt"/>
        <line num="55" count="0" type="stmt"/>
        <line num="56" count="0" type="cond" truecount="0" falsecount="2"/>
        <line num="59" count="11" type="stmt"/>
        <line num="60" count="2" type="stmt"/>
        <line num="67" count="0" type="cond" truecount="0" falsecount="2"/>
        <line num="68" count="0" type="stmt"/>
        <line num="70" count="0" type="stmt"/>
        <line num="74" count="11" type="stmt"/>
        <line num="75" count="0" type="stmt"/>
        <line num="76" count="0" type="stmt"/>
        <line num="77" count="0" type="stmt"/>
        <line num="78" count="0" type="stmt"/>
        <line num="80" count="0" type="stmt"/>
        <line num="81" count="0" type="stmt"/>
        <line num="82" count="0" type="cond" truecount="0" falsecount="2"/>
        <line num="83" count="0" type="stmt"/>
        <line num="84" count="0" type="stmt"/>
        <line num="86" count="0" type="stmt"/>
        <line num="89" count="0" type="stmt"/>
      </file>
    </package>
    <package name="src.redux.user">
      <metrics statements="26" coveredstatements="24" conditionals="13" coveredconditionals="12" methods="6" coveredmethods="5"/>
      <file name="userActions.js" path="/Users/jihane/Desktop/microverse/LastProject/book-a-doctor-frontend/src/redux/user/userActions.js">
        <metrics statements="20" coveredstatements="20" conditionals="11" coveredconditionals="11" methods="4" coveredmethods="3"/>
        <line num="1" count="14" type="stmt"/>
        <line num="2" count="14" type="stmt"/>
        <line num="3" count="14" type="stmt"/>
        <line num="5" count="14" type="stmt"/>
        <line num="10" count="14" type="cond" truecount="1" falsecount="0"/>
        <line num="11" count="44" type="cond" truecount="4" falsecount="0"/>
        <line num="13" count="1" type="stmt"/>
        <line num="20" count="1" type="stmt"/>
        <line num="26" count="3" type="stmt"/>
        <line num="27" count="3" type="cond" truecount="2" falsecount="0"/>
        <line num="28" count="2" type="stmt"/>
        <line num="30" count="3" type="cond" truecount="2" falsecount="0"/>
        <line num="31" count="1" type="stmt"/>
        <line num="33" count="3" type="cond" truecount="2" falsecount="0"/>
        <line num="34" count="1" type="stmt"/>
        <line num="36" count="3" type="stmt"/>
        <line num="43" count="39" type="stmt"/>
        <line num="50" count="14" type="stmt"/>
        <line num="55" count="14" type="stmt"/>
        <line num="60" count="14" type="stmt"/>
      </file>
      <file name="userThunks.js" path="/Users/jihane/Desktop/microverse/LastProject/book-a-doctor-frontend/src/redux/user/userThunks.js">
        <metrics statements="6" coveredstatements="4" conditionals="2" coveredconditionals="1" methods="2" coveredmethods="2"/>
        <line num="5" count="6" type="stmt"/>
        <line num="6" count="6" type="stmt"/>
        <line num="7" count="3" type="cond" truecount="1" falsecount="1"/>
        <line num="8" count="3" type="stmt"/>
        <line num="10" count="0" type="stmt"/>
        <line num="11" count="0" type="stmt"/>
      </file>
    </package>
  </project>
</coverage>
