{"/Users/jihane/Desktop/microverse/LastProject/book-a-doctor-frontend/src/App.js": {"path":"/Users/jihane/Desktop/microverse/LastProject/book-a-doctor-frontend/src/App.js","statementMap":{"0":{"start":{"line":14,"column":12},"end":{"line":68,"column":1}},"1":{"start":{"line":15,"column":2},"end":{"line":67,"column":11}}},"fnMap":{"0":{"name":"(anonymous_0)","decl":{"start":{"line":14,"column":12},"end":{"line":14,"column":13}},"loc":{"start":{"line":15,"column":2},"end":{"line":67,"column":11}},"line":15}},"branchMap":{},"s":{"0":0,"1":0},"f":{"0":0},"b":{}}
,"/Users/jihane/Desktop/microverse/LastProject/book-a-doctor-frontend/src/index.js": {"path":"/Users/jihane/Desktop/microverse/LastProject/book-a-doctor-frontend/src/index.js","statementMap":{"0":{"start":{"line":9,"column":0},"end":{"line":18,"column":2}}},"fnMap":{},"branchMap":{},"s":{"0":0},"f":{},"b":{}}
,"/Users/jihane/Desktop/microverse/LastProject/book-a-doctor-frontend/src/components/AnimateWrapper.js": {"path":"/Users/jihane/Desktop/microverse/LastProject/book-a-doctor-frontend/src/components/AnimateWrapper.js","statementMap":{"0":{"start":{"line":5,"column":23},"end":{"line":18,"column":1}},"1":{"start":{"line":8,"column":2},"end":{"line":17,"column":20}}},"fnMap":{"0":{"name":"(anonymous_0)","decl":{"start":{"line":5,"column":23},"end":{"line":5,"column":24}},"loc":{"start":{"line":8,"column":2},"end":{"line":17,"column":20}},"line":8}},"branchMap":{},"s":{"0":4,"1":20},"f":{"0":20},"b":{},"_coverageSchema":"1a1c01bbd47fc00a2c39e90264f33305004495a9","hash":"495c2bf42dd8bd3d38b60479df5f39f59d05544a"}
,"/Users/jihane/Desktop/microverse/LastProject/book-a-doctor-frontend/src/components/Spinner.js": {"path":"/Users/jihane/Desktop/microverse/LastProject/book-a-doctor-frontend/src/components/Spinner.js","statementMap":{"0":{"start":{"line":5,"column":2},"end":{"line":16,"column":4}}},"fnMap":{"0":{"name":"LoadingInfo","decl":{"start":{"line":4,"column":9},"end":{"line":4,"column":20}},"loc":{"start":{"line":4,"column":23},"end":{"line":17,"column":1}},"line":4}},"branchMap":{},"s":{"0":0},"f":{"0":0},"b":{},"_coverageSchema":"1a1c01bbd47fc00a2c39e90264f33305004495a9","hash":"08805ba67d9fa3390c75130c9bae5a8fb10b256b"}
,"/Users/jihane/Desktop/microverse/LastProject/book-a-doctor-frontend/src/components/Doctors/AddDoctor.js": {"path":"/Users/jihane/Desktop/microverse/LastProject/book-a-doctor-frontend/src/components/Doctors/AddDoctor.js","statementMap":{"0":{"start":{"line":9,"column":19},"end":{"line":9,"column":32}},"1":{"start":{"line":10,"column":19},"end":{"line":10,"column":32}},"2":{"start":{"line":11,"column":22},"end":{"line":11,"column":69}},"3":{"start":{"line":11,"column":45},"end":{"line":11,"column":68}},"4":{"start":{"line":12,"column":29},"end":{"line":12,"column":69}},"5":{"start":{"line":13,"column":30},"end":{"line":13,"column":34}},"6":{"start":{"line":15,"column":17},"end":{"line":15,"column":36}},"7":{"start":{"line":15,"column":23},"end":{"line":15,"column":36}},"8":{"start":{"line":18,"column":17},"end":{"line":18,"column":31}},"9":{"start":{"line":19,"column":4},"end":{"line":19,"column":57}},"10":{"start":{"line":20,"column":4},"end":{"line":20,"column":77}},"11":{"start":{"line":21,"column":4},"end":{"line":21,"column":57}},"12":{"start":{"line":22,"column":4},"end":{"line":22,"column":71}},"13":{"start":{"line":23,"column":4},"end":{"line":23,"column":73}},"14":{"start":{"line":24,"column":4},"end":{"line":24,"column":105}},"15":{"start":{"line":24,"column":47},"end":{"line":24,"column":105}},"16":{"start":{"line":25,"column":4},"end":{"line":25,"column":16}},"17":{"start":{"line":28,"column":23},"end":{"line":37,"column":3}},"18":{"start":{"line":29,"column":4},"end":{"line":29,"column":27}},"19":{"start":{"line":30,"column":17},"end":{"line":30,"column":32}},"20":{"start":{"line":31,"column":21},"end":{"line":31,"column":57}},"21":{"start":{"line":32,"column":4},"end":{"line":32,"column":25}},"22":{"start":{"line":33,"column":4},"end":{"line":33,"column":46}},"23":{"start":{"line":33,"column":25},"end":{"line":33,"column":46}},"24":{"start":{"line":34,"column":4},"end":{"line":36,"column":13}},"25":{"start":{"line":35,"column":6},"end":{"line":35,"column":21}},"26":{"start":{"line":39,"column":2},"end":{"line":66,"column":4}},"27":{"start":{"line":45,"column":31},"end":{"line":45,"column":46}}},"fnMap":{"0":{"name":"AddDoctor","decl":{"start":{"line":8,"column":9},"end":{"line":8,"column":18}},"loc":{"start":{"line":8,"column":21},"end":{"line":67,"column":1}},"line":8},"1":{"name":"(anonymous_1)","decl":{"start":{"line":11,"column":34},"end":{"line":11,"column":35}},"loc":{"start":{"line":11,"column":45},"end":{"line":11,"column":68}},"line":11},"2":{"name":"(anonymous_2)","decl":{"start":{"line":15,"column":17},"end":{"line":15,"column":18}},"loc":{"start":{"line":15,"column":23},"end":{"line":15,"column":36}},"line":15},"3":{"name":"formData","decl":{"start":{"line":17,"column":11},"end":{"line":17,"column":19}},"loc":{"start":{"line":17,"column":27},"end":{"line":26,"column":3}},"line":17},"4":{"name":"(anonymous_4)","decl":{"start":{"line":28,"column":23},"end":{"line":28,"column":24}},"loc":{"start":{"line":28,"column":40},"end":{"line":37,"column":3}},"line":28},"5":{"name":"(anonymous_5)","decl":{"start":{"line":34,"column":15},"end":{"line":34,"column":16}},"loc":{"start":{"line":34,"column":21},"end":{"line":36,"column":5}},"line":34},"6":{"name":"(anonymous_6)","decl":{"start":{"line":45,"column":24},"end":{"line":45,"column":25}},"loc":{"start":{"line":45,"column":31},"end":{"line":45,"column":46}},"line":45}},"branchMap":{"0":{"loc":{"start":{"line":24,"column":4},"end":{"line":24,"column":105}},"type":"if","locations":[{"start":{"line":24,"column":4},"end":{"line":24,"column":105}},{"start":{},"end":{}}],"line":24},"1":{"loc":{"start":{"line":33,"column":4},"end":{"line":33,"column":46}},"type":"if","locations":[{"start":{"line":33,"column":4},"end":{"line":33,"column":46}},{"start":{},"end":{}}],"line":33},"2":{"loc":{"start":{"line":44,"column":27},"end":{"line":44,"column":72}},"type":"cond-expr","locations":[{"start":{"line":44,"column":45},"end":{"line":44,"column":57}},{"start":{"line":44,"column":60},"end":{"line":44,"column":72}}],"line":44},"3":{"loc":{"start":{"line":58,"column":16},"end":{"line":58,"column":174}},"type":"cond-expr","locations":[{"start":{"line":58,"column":27},"end":{"line":58,"column":95}},{"start":{"line":58,"column":98},"end":{"line":58,"column":174}}],"line":58}},"s":{"0":3,"1":3,"2":3,"3":3,"4":3,"5":3,"6":3,"7":0,"8":0,"9":0,"10":0,"11":0,"12":0,"13":0,"14":0,"15":0,"16":0,"17":3,"18":0,"19":0,"20":0,"21":0,"22":0,"23":0,"24":0,"25":0,"26":3,"27":0},"f":{"0":3,"1":3,"2":0,"3":0,"4":0,"5":0,"6":0},"b":{"0":[0,0],"1":[0,0],"2":[0,3],"3":[3,0]},"_coverageSchema":"1a1c01bbd47fc00a2c39e90264f33305004495a9","hash":"009ad2d01c7085e564c006a35e97d6abc20544c5"}
,"/Users/jihane/Desktop/microverse/LastProject/book-a-doctor-frontend/src/components/Doctors/BookAppointment.js": {"path":"/Users/jihane/Desktop/microverse/LastProject/book-a-doctor-frontend/src/components/Doctors/BookAppointment.js","statementMap":{"0":{"start":{"line":9,"column":19},"end":{"line":9,"column":32}},"1":{"start":{"line":10,"column":19},"end":{"line":10,"column":32}},"2":{"start":{"line":12,"column":24},"end":{"line":12,"column":89}},"3":{"start":{"line":12,"column":47},"end":{"line":12,"column":88}},"4":{"start":{"line":13,"column":48},"end":{"line":13,"column":60}},"5":{"start":{"line":14,"column":54},"end":{"line":14,"column":66}},"6":{"start":{"line":15,"column":46},"end":{"line":15,"column":58}},"7":{"start":{"line":16,"column":16},"end":{"line":16,"column":82}},"8":{"start":{"line":16,"column":39},"end":{"line":16,"column":81}},"9":{"start":{"line":18,"column":2},"end":{"line":27,"column":17}},"10":{"start":{"line":19,"column":4},"end":{"line":26,"column":5}},"11":{"start":{"line":20,"column":6},"end":{"line":20,"column":37}},"12":{"start":{"line":22,"column":6},"end":{"line":22,"column":48}},"13":{"start":{"line":23,"column":6},"end":{"line":23,"column":42}},"14":{"start":{"line":25,"column":6},"end":{"line":25,"column":34}},"15":{"start":{"line":29,"column":23},"end":{"line":32,"column":3}},"16":{"start":{"line":30,"column":4},"end":{"line":30,"column":56}},"17":{"start":{"line":31,"column":4},"end":{"line":31,"column":50}},"18":{"start":{"line":34,"column":23},"end":{"line":38,"column":3}},"19":{"start":{"line":35,"column":4},"end":{"line":35,"column":23}},"20":{"start":{"line":36,"column":4},"end":{"line":36,"column":72}},"21":{"start":{"line":37,"column":4},"end":{"line":37,"column":32}},"22":{"start":{"line":40,"column":2},"end":{"line":43,"column":3}},"23":{"start":{"line":41,"column":4},"end":{"line":41,"column":30}},"24":{"start":{"line":42,"column":4},"end":{"line":42,"column":34}},"25":{"start":{"line":45,"column":2},"end":{"line":82,"column":4}},"26":{"start":{"line":49,"column":31},"end":{"line":49,"column":46}},"27":{"start":{"line":51,"column":29},"end":{"line":51,"column":44}},"28":{"start":{"line":56,"column":14},"end":{"line":58,"column":23}},"29":{"start":{"line":72,"column":14},"end":{"line":72,"column":53}}},"fnMap":{"0":{"name":"BookAppointment","decl":{"start":{"line":8,"column":9},"end":{"line":8,"column":24}},"loc":{"start":{"line":8,"column":27},"end":{"line":83,"column":1}},"line":8},"1":{"name":"(anonymous_1)","decl":{"start":{"line":12,"column":36},"end":{"line":12,"column":37}},"loc":{"start":{"line":12,"column":47},"end":{"line":12,"column":88}},"line":12},"2":{"name":"(anonymous_2)","decl":{"start":{"line":16,"column":28},"end":{"line":16,"column":29}},"loc":{"start":{"line":16,"column":39},"end":{"line":16,"column":81}},"line":16},"3":{"name":"(anonymous_3)","decl":{"start":{"line":18,"column":12},"end":{"line":18,"column":13}},"loc":{"start":{"line":18,"column":18},"end":{"line":27,"column":3}},"line":18},"4":{"name":"(anonymous_4)","decl":{"start":{"line":29,"column":23},"end":{"line":29,"column":24}},"loc":{"start":{"line":29,"column":30},"end":{"line":32,"column":3}},"line":29},"5":{"name":"(anonymous_5)","decl":{"start":{"line":34,"column":23},"end":{"line":34,"column":24}},"loc":{"start":{"line":34,"column":30},"end":{"line":38,"column":3}},"line":34},"6":{"name":"(anonymous_6)","decl":{"start":{"line":49,"column":24},"end":{"line":49,"column":25}},"loc":{"start":{"line":49,"column":31},"end":{"line":49,"column":46}},"line":49},"7":{"name":"(anonymous_7)","decl":{"start":{"line":51,"column":22},"end":{"line":51,"column":23}},"loc":{"start":{"line":51,"column":29},"end":{"line":51,"column":44}},"line":51},"8":{"name":"(anonymous_8)","decl":{"start":{"line":55,"column":25},"end":{"line":55,"column":26}},"loc":{"start":{"line":56,"column":14},"end":{"line":58,"column":23}},"line":56},"9":{"name":"(anonymous_9)","decl":{"start":{"line":71,"column":22},"end":{"line":71,"column":23}},"loc":{"start":{"line":71,"column":33},"end":{"line":73,"column":13}},"line":71}},"branchMap":{"0":{"loc":{"start":{"line":12,"column":47},"end":{"line":12,"column":88}},"type":"binary-expr","locations":[{"start":{"line":12,"column":47},"end":{"line":12,"column":80}},{"start":{"line":12,"column":84},"end":{"line":12,"column":88}}],"line":12},"1":{"loc":{"start":{"line":16,"column":39},"end":{"line":16,"column":81}},"type":"binary-expr","locations":[{"start":{"line":16,"column":39},"end":{"line":16,"column":75}},{"start":{"line":16,"column":79},"end":{"line":16,"column":81}}],"line":16},"2":{"loc":{"start":{"line":19,"column":4},"end":{"line":26,"column":5}},"type":"if","locations":[{"start":{"line":19,"column":4},"end":{"line":26,"column":5}},{"start":{"line":24,"column":11},"end":{"line":26,"column":5}}],"line":19},"3":{"loc":{"start":{"line":40,"column":2},"end":{"line":43,"column":3}},"type":"if","locations":[{"start":{"line":40,"column":2},"end":{"line":43,"column":3}},{"start":{},"end":{}}],"line":40}},"s":{"0":8,"1":8,"2":8,"3":11,"4":8,"5":8,"6":8,"7":8,"8":11,"9":8,"10":3,"11":0,"12":0,"13":0,"14":3,"15":8,"16":0,"17":0,"18":8,"19":0,"20":0,"21":0,"22":8,"23":0,"24":0,"25":8,"26":0,"27":0,"28":0,"29":1},"f":{"0":8,"1":11,"2":11,"3":3,"4":0,"5":0,"6":0,"7":0,"8":0,"9":1},"b":{"0":[11,11],"1":[11,11],"2":[0,3],"3":[0,8]},"_coverageSchema":"1a1c01bbd47fc00a2c39e90264f33305004495a9","hash":"a788ea79535545556bddaf1efe41ac16c98a96a8"}
,"/Users/jihane/Desktop/microverse/LastProject/book-a-doctor-frontend/src/components/Doctors/Details.js": {"path":"/Users/jihane/Desktop/microverse/LastProject/book-a-doctor-frontend/src/components/Doctors/Details.js","statementMap":{"0":{"start":{"line":8,"column":17},"end":{"line":8,"column":28}},"1":{"start":{"line":9,"column":19},"end":{"line":9,"column":32}},"2":{"start":{"line":10,"column":21},"end":{"line":10,"column":68}},"3":{"start":{"line":10,"column":44},"end":{"line":10,"column":67}},"4":{"start":{"line":11,"column":19},"end":{"line":11,"column":32}},"5":{"start":{"line":13,"column":2},"end":{"line":15,"column":17}},"6":{"start":{"line":14,"column":4},"end":{"line":14,"column":33}},"7":{"start":{"line":17,"column":22},"end":{"line":20,"column":3}},"8":{"start":{"line":18,"column":4},"end":{"line":18,"column":58}},"9":{"start":{"line":19,"column":4},"end":{"line":19,"column":34}},"10":{"start":{"line":22,"column":2},"end":{"line":65,"column":4}},"11":{"start":{"line":47,"column":73},"end":{"line":47,"column":86}}},"fnMap":{"0":{"name":"Details","decl":{"start":{"line":7,"column":9},"end":{"line":7,"column":16}},"loc":{"start":{"line":7,"column":19},"end":{"line":66,"column":1}},"line":7},"1":{"name":"(anonymous_1)","decl":{"start":{"line":10,"column":33},"end":{"line":10,"column":34}},"loc":{"start":{"line":10,"column":44},"end":{"line":10,"column":67}},"line":10},"2":{"name":"(anonymous_2)","decl":{"start":{"line":13,"column":12},"end":{"line":13,"column":13}},"loc":{"start":{"line":13,"column":18},"end":{"line":15,"column":3}},"line":13},"3":{"name":"(anonymous_3)","decl":{"start":{"line":17,"column":22},"end":{"line":17,"column":23}},"loc":{"start":{"line":17,"column":34},"end":{"line":20,"column":3}},"line":17},"4":{"name":"(anonymous_4)","decl":{"start":{"line":47,"column":67},"end":{"line":47,"column":68}},"loc":{"start":{"line":47,"column":73},"end":{"line":47,"column":86}},"line":47}},"branchMap":{},"s":{"0":1,"1":1,"2":1,"3":1,"4":1,"5":1,"6":0,"7":1,"8":0,"9":0,"10":1,"11":0},"f":{"0":1,"1":1,"2":0,"3":0,"4":0},"b":{},"_coverageSchema":"1a1c01bbd47fc00a2c39e90264f33305004495a9","hash":"beb1b427d66fdd9ca76696bf174a21a1b787d0b9"}
,"/Users/jihane/Desktop/microverse/LastProject/book-a-doctor-frontend/src/components/Doctors/ListDoctors.js": {"path":"/Users/jihane/Desktop/microverse/LastProject/book-a-doctor-frontend/src/components/Doctors/ListDoctors.js","statementMap":{"0":{"start":{"line":4,"column":2},"end":{"line":6,"column":4}}},"fnMap":{"0":{"name":"ListDoctors","decl":{"start":{"line":3,"column":9},"end":{"line":3,"column":20}},"loc":{"start":{"line":3,"column":23},"end":{"line":7,"column":1}},"line":3}},"branchMap":{},"s":{"0":0},"f":{"0":0},"b":{}}
,"/Users/jihane/Desktop/microverse/LastProject/book-a-doctor-frontend/src/components/Doctors/Carousel/CarouselItem.js": {"path":"/Users/jihane/Desktop/microverse/LastProject/book-a-doctor-frontend/src/components/Doctors/Carousel/CarouselItem.js","statementMap":{"0":{"start":{"line":10,"column":21},"end":{"line":35,"column":1}},"1":{"start":{"line":13,"column":19},"end":{"line":13,"column":32}},"2":{"start":{"line":14,"column":19},"end":{"line":16,"column":3}},"3":{"start":{"line":15,"column":4},"end":{"line":15,"column":38}},"4":{"start":{"line":17,"column":2},"end":{"line":34,"column":4}},"5":{"start":{"line":37,"column":0},"end":{"line":39,"column":2}},"6":{"start":{"line":41,"column":0},"end":{"line":46,"column":2}}},"fnMap":{"0":{"name":"(anonymous_0)","decl":{"start":{"line":10,"column":21},"end":{"line":10,"column":22}},"loc":{"start":{"line":12,"column":6},"end":{"line":35,"column":1}},"line":12},"1":{"name":"(anonymous_1)","decl":{"start":{"line":14,"column":19},"end":{"line":14,"column":20}},"loc":{"start":{"line":14,"column":25},"end":{"line":16,"column":3}},"line":14}},"branchMap":{},"s":{"0":2,"1":15,"2":15,"3":0,"4":15,"5":2,"6":2},"f":{"0":15,"1":0},"b":{},"_coverageSchema":"1a1c01bbd47fc00a2c39e90264f33305004495a9","hash":"670de129bc8422786cbd64f732b5e41917edfc0d"}
,"/Users/jihane/Desktop/microverse/LastProject/book-a-doctor-frontend/src/components/Navigation/Navbar.js": {"path":"/Users/jihane/Desktop/microverse/LastProject/book-a-doctor-frontend/src/components/Navigation/Navbar.js","statementMap":{"0":{"start":{"line":12,"column":32},"end":{"line":12,"column":47}},"1":{"start":{"line":14,"column":15},"end":{"line":14,"column":68}},"2":{"start":{"line":14,"column":38},"end":{"line":14,"column":67}},"3":{"start":{"line":16,"column":22},"end":{"line":16,"column":48}},"4":{"start":{"line":16,"column":28},"end":{"line":16,"column":48}},"5":{"start":{"line":17,"column":19},"end":{"line":17,"column":63}},"6":{"start":{"line":17,"column":38},"end":{"line":17,"column":62}},"7":{"start":{"line":18,"column":19},"end":{"line":18,"column":32}},"8":{"start":{"line":19,"column":17},"end":{"line":22,"column":3}},"9":{"start":{"line":20,"column":4},"end":{"line":20,"column":33}},"10":{"start":{"line":21,"column":4},"end":{"line":21,"column":23}},"11":{"start":{"line":24,"column":2},"end":{"line":67,"column":4}},"12":{"start":{"line":48,"column":14},"end":{"line":53,"column":19}}},"fnMap":{"0":{"name":"Navbar","decl":{"start":{"line":11,"column":9},"end":{"line":11,"column":15}},"loc":{"start":{"line":11,"column":18},"end":{"line":68,"column":1}},"line":11},"1":{"name":"(anonymous_1)","decl":{"start":{"line":14,"column":27},"end":{"line":14,"column":28}},"loc":{"start":{"line":14,"column":38},"end":{"line":14,"column":67}},"line":14},"2":{"name":"(anonymous_2)","decl":{"start":{"line":16,"column":22},"end":{"line":16,"column":23}},"loc":{"start":{"line":16,"column":28},"end":{"line":16,"column":48}},"line":16},"3":{"name":"(anonymous_3)","decl":{"start":{"line":17,"column":19},"end":{"line":17,"column":20}},"loc":{"start":{"line":17,"column":38},"end":{"line":17,"column":62}},"line":17},"4":{"name":"(anonymous_4)","decl":{"start":{"line":19,"column":17},"end":{"line":19,"column":18}},"loc":{"start":{"line":19,"column":23},"end":{"line":22,"column":3}},"line":19},"5":{"name":"(anonymous_5)","decl":{"start":{"line":47,"column":40},"end":{"line":47,"column":41}},"loc":{"start":{"line":48,"column":14},"end":{"line":53,"column":19}},"line":48}},"branchMap":{"0":{"loc":{"start":{"line":17,"column":38},"end":{"line":17,"column":62}},"type":"cond-expr","locations":[{"start":{"line":17,"column":49},"end":{"line":17,"column":57}},{"start":{"line":17,"column":60},"end":{"line":17,"column":62}}],"line":17},"1":{"loc":{"start":{"line":26,"column":7},"end":{"line":65,"column":7}},"type":"binary-expr","locations":[{"start":{"line":26,"column":7},"end":{"line":26,"column":11}},{"start":{"line":28,"column":6},"end":{"line":64,"column":29}}],"line":26},"2":{"loc":{"start":{"line":30,"column":11},"end":{"line":34,"column":11}},"type":"binary-expr","locations":[{"start":{"line":30,"column":11},"end":{"line":30,"column":19}},{"start":{"line":31,"column":10},"end":{"line":33,"column":16}}],"line":30},"3":{"loc":{"start":{"line":36,"column":24},"end":{"line":36,"column":64}},"type":"cond-expr","locations":[{"start":{"line":36,"column":34},"end":{"line":36,"column":51}},{"start":{"line":36,"column":54},"end":{"line":36,"column":64}}],"line":36}},"s":{"0":0,"1":0,"2":0,"3":0,"4":0,"5":0,"6":0,"7":0,"8":0,"9":0,"10":0,"11":0,"12":0},"f":{"0":0,"1":0,"2":0,"3":0,"4":0,"5":0},"b":{"0":[0,0],"1":[0,0],"2":[0,0],"3":[0,0]}}
,"/Users/jihane/Desktop/microverse/LastProject/book-a-doctor-frontend/src/components/Navigation/SidebarData.js": {"path":"/Users/jihane/Desktop/microverse/LastProject/book-a-doctor-frontend/src/components/Navigation/SidebarData.js","statementMap":{"0":{"start":{"line":6,"column":21},"end":{"line":42,"column":1}},"1":{"start":{"line":44,"column":20},"end":{"line":66,"column":1}},"2":{"start":{"line":69,"column":2},"end":{"line":71,"column":3}},"3":{"start":{"line":70,"column":4},"end":{"line":70,"column":24}},"4":{"start":{"line":71,"column":4},"end":{"line":71,"column":23}}},"fnMap":{"0":{"name":"SidebarData","decl":{"start":{"line":68,"column":9},"end":{"line":68,"column":20}},"loc":{"start":{"line":68,"column":27},"end":{"line":72,"column":1}},"line":68}},"branchMap":{"0":{"loc":{"start":{"line":69,"column":2},"end":{"line":71,"column":3}},"type":"if","locations":[{"start":{"line":69,"column":2},"end":{"line":71,"column":3}},{"start":{},"end":{}}],"line":69}},"s":{"0":0,"1":0,"2":0,"3":0,"4":0},"f":{"0":0},"b":{"0":[0,0]}}
,"/Users/jihane/Desktop/microverse/LastProject/book-a-doctor-frontend/src/components/Reservations/MyReservations.js": {"path":"/Users/jihane/Desktop/microverse/LastProject/book-a-doctor-frontend/src/components/Reservations/MyReservations.js","statementMap":{"0":{"start":{"line":4,"column":2},"end":{"line":6,"column":4}}},"fnMap":{"0":{"name":"MyReservations","decl":{"start":{"line":3,"column":9},"end":{"line":3,"column":23}},"loc":{"start":{"line":3,"column":26},"end":{"line":7,"column":1}},"line":3}},"branchMap":{},"s":{"0":0},"f":{"0":0},"b":{}}
,"/Users/jihane/Desktop/microverse/LastProject/book-a-doctor-frontend/src/components/routes/PrivateRoute.js": {"path":"/Users/jihane/Desktop/microverse/LastProject/book-a-doctor-frontend/src/components/routes/PrivateRoute.js","statementMap":{"0":{"start":{"line":7,"column":21},"end":{"line":22,"column":1}},"1":{"start":{"line":8,"column":19},"end":{"line":8,"column":32}},"2":{"start":{"line":10,"column":2},"end":{"line":14,"column":9}},"3":{"start":{"line":11,"column":4},"end":{"line":13,"column":5}},"4":{"start":{"line":12,"column":6},"end":{"line":12,"column":25}},"5":{"start":{"line":16,"column":2},"end":{"line":21,"column":4}},"6":{"start":{"line":24,"column":0},"end":{"line":26,"column":2}}},"fnMap":{"0":{"name":"(anonymous_0)","decl":{"start":{"line":7,"column":21},"end":{"line":7,"column":22}},"loc":{"start":{"line":7,"column":39},"end":{"line":22,"column":1}},"line":7},"1":{"name":"(anonymous_1)","decl":{"start":{"line":10,"column":12},"end":{"line":10,"column":13}},"loc":{"start":{"line":10,"column":18},"end":{"line":14,"column":3}},"line":10}},"branchMap":{"0":{"loc":{"start":{"line":11,"column":4},"end":{"line":13,"column":5}},"type":"if","locations":[{"start":{"line":11,"column":4},"end":{"line":13,"column":5}},{"start":{},"end":{}}],"line":11}},"s":{"0":0,"1":0,"2":0,"3":0,"4":0,"5":0,"6":0},"f":{"0":0,"1":0},"b":{"0":[0,0]}}
,"/Users/jihane/Desktop/microverse/LastProject/book-a-doctor-frontend/src/helpers/api/call.js": {"path":"/Users/jihane/Desktop/microverse/LastProject/book-a-doctor-frontend/src/helpers/api/call.js","statementMap":{"0":{"start":{"line":3,"column":24},"end":{"line":3,"column":51}},"1":{"start":{"line":5,"column":26},"end":{"line":5,"column":40}},"2":{"start":{"line":5,"column":36},"end":{"line":5,"column":40}},"3":{"start":{"line":7,"column":26},"end":{"line":14,"column":31}},"4":{"start":{"line":7,"column":43},"end":{"line":14,"column":31}},"5":{"start":{"line":14,"column":22},"end":{"line":14,"column":30}},"6":{"start":{"line":16,"column":27},"end":{"line":23,"column":31}},"7":{"start":{"line":16,"column":50},"end":{"line":23,"column":31}},"8":{"start":{"line":23,"column":22},"end":{"line":23,"column":30}},"9":{"start":{"line":25,"column":39},"end":{"line":29,"column":38}},"10":{"start":{"line":25,"column":62},"end":{"line":29,"column":38}},"11":{"start":{"line":29,"column":22},"end":{"line":29,"column":37}},"12":{"start":{"line":31,"column":28},"end":{"line":42,"column":1}},"13":{"start":{"line":32,"column":22},"end":{"line":39,"column":30}},"14":{"start":{"line":39,"column":19},"end":{"line":39,"column":29}},"15":{"start":{"line":41,"column":2},"end":{"line":41,"column":21}},"16":{"start":{"line":44,"column":28},"end":{"line":50,"column":31}},"17":{"start":{"line":44,"column":51},"end":{"line":50,"column":31}},"18":{"start":{"line":50,"column":22},"end":{"line":50,"column":30}}},"fnMap":{"0":{"name":"(anonymous_0)","decl":{"start":{"line":5,"column":26},"end":{"line":5,"column":27}},"loc":{"start":{"line":5,"column":36},"end":{"line":5,"column":40}},"line":5},"1":{"name":"(anonymous_1)","decl":{"start":{"line":7,"column":26},"end":{"line":7,"column":27}},"loc":{"start":{"line":7,"column":43},"end":{"line":14,"column":31}},"line":7},"2":{"name":"(anonymous_2)","decl":{"start":{"line":14,"column":8},"end":{"line":14,"column":9}},"loc":{"start":{"line":14,"column":22},"end":{"line":14,"column":30}},"line":14},"3":{"name":"(anonymous_3)","decl":{"start":{"line":16,"column":27},"end":{"line":16,"column":28}},"loc":{"start":{"line":16,"column":50},"end":{"line":23,"column":31}},"line":16},"4":{"name":"(anonymous_4)","decl":{"start":{"line":23,"column":8},"end":{"line":23,"column":9}},"loc":{"start":{"line":23,"column":22},"end":{"line":23,"column":30}},"line":23},"5":{"name":"(anonymous_5)","decl":{"start":{"line":25,"column":39},"end":{"line":25,"column":40}},"loc":{"start":{"line":25,"column":62},"end":{"line":29,"column":38}},"line":25},"6":{"name":"(anonymous_6)","decl":{"start":{"line":29,"column":8},"end":{"line":29,"column":9}},"loc":{"start":{"line":29,"column":22},"end":{"line":29,"column":37}},"line":29},"7":{"name":"(anonymous_7)","decl":{"start":{"line":31,"column":28},"end":{"line":31,"column":29}},"loc":{"start":{"line":31,"column":36},"end":{"line":42,"column":1}},"line":31},"8":{"name":"(anonymous_8)","decl":{"start":{"line":39,"column":10},"end":{"line":39,"column":11}},"loc":{"start":{"line":39,"column":19},"end":{"line":39,"column":29}},"line":39},"9":{"name":"(anonymous_9)","decl":{"start":{"line":44,"column":28},"end":{"line":44,"column":29}},"loc":{"start":{"line":44,"column":51},"end":{"line":50,"column":31}},"line":44},"10":{"name":"(anonymous_10)","decl":{"start":{"line":50,"column":8},"end":{"line":50,"column":9}},"loc":{"start":{"line":50,"column":22},"end":{"line":50,"column":30}},"line":50}},"branchMap":{},"s":{"0":14,"1":14,"2":0,"3":14,"4":4,"5":0,"6":14,"7":4,"8":2,"9":14,"10":6,"11":3,"12":14,"13":0,"14":0,"15":0,"16":14,"17":0,"18":0},"f":{"0":0,"1":4,"2":0,"3":4,"4":2,"5":6,"6":3,"7":0,"8":0,"9":0,"10":0},"b":{},"_coverageSchema":"1a1c01bbd47fc00a2c39e90264f33305004495a9","hash":"e6ff51fab46be03905c1de2a4c595bbe2b231137"}
,"/Users/jihane/Desktop/microverse/LastProject/book-a-doctor-frontend/src/helpers/format/StorageManager.js": {"path":"/Users/jihane/Desktop/microverse/LastProject/book-a-doctor-frontend/src/helpers/format/StorageManager.js","statementMap":{"0":{"start":{"line":2,"column":22},"end":{"line":2,"column":119}},"1":{"start":{"line":2,"column":29},"end":{"line":2,"column":118}},"2":{"start":{"line":4,"column":22},"end":{"line":4,"column":115}},"3":{"start":{"line":4,"column":41},"end":{"line":4,"column":115}},"4":{"start":{"line":6,"column":25},"end":{"line":6,"column":58}},"5":{"start":{"line":6,"column":31},"end":{"line":6,"column":58}}},"fnMap":{"0":{"name":"(anonymous_0)","decl":{"start":{"line":2,"column":22},"end":{"line":2,"column":23}},"loc":{"start":{"line":2,"column":29},"end":{"line":2,"column":118}},"line":2},"1":{"name":"(anonymous_1)","decl":{"start":{"line":4,"column":22},"end":{"line":4,"column":23}},"loc":{"start":{"line":4,"column":41},"end":{"line":4,"column":115}},"line":4},"2":{"name":"(anonymous_2)","decl":{"start":{"line":6,"column":25},"end":{"line":6,"column":26}},"loc":{"start":{"line":6,"column":31},"end":{"line":6,"column":58}},"line":6}},"branchMap":{"0":{"loc":{"start":{"line":2,"column":29},"end":{"line":2,"column":118}},"type":"cond-expr","locations":[{"start":{"line":2,"column":61},"end":{"line":2,"column":102}},{"start":{"line":2,"column":105},"end":{"line":2,"column":118}}],"line":2}},"s":{"0":14,"1":10,"2":14,"3":0,"4":14,"5":0},"f":{"0":10,"1":0,"2":0},"b":{"0":[0,10]},"_coverageSchema":"1a1c01bbd47fc00a2c39e90264f33305004495a9","hash":"f694cee4951edef50f27845d30f0bacb0930f404"}
,"/Users/jihane/Desktop/microverse/LastProject/book-a-doctor-frontend/src/helpers/format/format.js": {"path":"/Users/jihane/Desktop/microverse/LastProject/book-a-doctor-frontend/src/helpers/format/format.js","statementMap":{"0":{"start":{"line":3,"column":24},"end":{"line":9,"column":1}},"1":{"start":{"line":4,"column":22},"end":{"line":4,"column":32}},"2":{"start":{"line":5,"column":20},"end":{"line":5,"column":34}},"3":{"start":{"line":6,"column":19},"end":{"line":6,"column":52}},"4":{"start":{"line":7,"column":19},"end":{"line":7,"column":62}},"5":{"start":{"line":8,"column":2},"end":{"line":8,"column":18}},"6":{"start":{"line":11,"column":26},"end":{"line":20,"column":1}},"7":{"start":{"line":12,"column":14},"end":{"line":12,"column":15}},"8":{"start":{"line":13,"column":17},"end":{"line":13,"column":19}},"9":{"start":{"line":14,"column":20},"end":{"line":14,"column":30}},"10":{"start":{"line":15,"column":2},"end":{"line":17,"column":3}},"11":{"start":{"line":16,"column":4},"end":{"line":16,"column":42}},"12":{"start":{"line":19,"column":2},"end":{"line":19,"column":16}},"13":{"start":{"line":22,"column":26},"end":{"line":28,"column":1}},"14":{"start":{"line":23,"column":15},"end":{"line":23,"column":40}},"15":{"start":{"line":24,"column":2},"end":{"line":26,"column":3}},"16":{"start":{"line":25,"column":4},"end":{"line":25,"column":17}},"17":{"start":{"line":27,"column":2},"end":{"line":27,"column":14}}},"fnMap":{"0":{"name":"(anonymous_0)","decl":{"start":{"line":3,"column":24},"end":{"line":3,"column":25}},"loc":{"start":{"line":3,"column":34},"end":{"line":9,"column":1}},"line":3},"1":{"name":"(anonymous_1)","decl":{"start":{"line":11,"column":26},"end":{"line":11,"column":27}},"loc":{"start":{"line":11,"column":37},"end":{"line":20,"column":1}},"line":11},"2":{"name":"(anonymous_2)","decl":{"start":{"line":22,"column":26},"end":{"line":22,"column":27}},"loc":{"start":{"line":22,"column":32},"end":{"line":28,"column":1}},"line":22}},"branchMap":{"0":{"loc":{"start":{"line":24,"column":2},"end":{"line":26,"column":3}},"type":"if","locations":[{"start":{"line":24,"column":2},"end":{"line":26,"column":3}},{"start":{},"end":{}}],"line":24},"1":{"loc":{"start":{"line":24,"column":6},"end":{"line":24,"column":97}},"type":"binary-expr","locations":[{"start":{"line":24,"column":6},"end":{"line":24,"column":23}},{"start":{"line":24,"column":27},"end":{"line":24,"column":32}},{"start":{"line":24,"column":37},"end":{"line":24,"column":54}},{"start":{"line":24,"column":58},"end":{"line":24,"column":96}}],"line":24}},"s":{"0":11,"1":0,"2":0,"3":0,"4":0,"5":0,"6":11,"7":3,"8":3,"9":3,"10":3,"11":6,"12":3,"13":11,"14":2,"15":2,"16":2,"17":0},"f":{"0":0,"1":3,"2":2},"b":{"0":[2,0],"1":[2,0,0,0]},"_coverageSchema":"1a1c01bbd47fc00a2c39e90264f33305004495a9","hash":"ef8085140ea7f84926da12ff9e1f17e048256bd9"}
,"/Users/jihane/Desktop/microverse/LastProject/book-a-doctor-frontend/src/pages/Login/Login.js": {"path":"/Users/jihane/Desktop/microverse/LastProject/book-a-doctor-frontend/src/pages/Login/Login.js","statementMap":{"0":{"start":{"line":9,"column":14},"end":{"line":105,"column":1}},"1":{"start":{"line":11,"column":19},"end":{"line":11,"column":32}},"2":{"start":{"line":13,"column":2},"end":{"line":17,"column":9}},"3":{"start":{"line":14,"column":4},"end":{"line":16,"column":5}},"4":{"start":{"line":15,"column":6},"end":{"line":15,"column":20}},"5":{"start":{"line":19,"column":22},"end":{"line":19,"column":69}},"6":{"start":{"line":19,"column":45},"end":{"line":19,"column":68}},"7":{"start":{"line":20,"column":29},"end":{"line":20,"column":69}},"8":{"start":{"line":22,"column":16},"end":{"line":25,"column":4}},"9":{"start":{"line":22,"column":23},"end":{"line":25,"column":3}},"10":{"start":{"line":27,"column":19},"end":{"line":27,"column":32}},"11":{"start":{"line":29,"column":36},"end":{"line":29,"column":53}},"12":{"start":{"line":31,"column":30},"end":{"line":31,"column":39}},"13":{"start":{"line":33,"column":24},"end":{"line":38,"column":3}},"14":{"start":{"line":34,"column":4},"end":{"line":37,"column":8}},"15":{"start":{"line":34,"column":33},"end":{"line":37,"column":5}},"16":{"start":{"line":40,"column":23},"end":{"line":48,"column":3}},"17":{"start":{"line":41,"column":4},"end":{"line":41,"column":27}},"18":{"start":{"line":42,"column":21},"end":{"line":42,"column":60}},"19":{"start":{"line":43,"column":4},"end":{"line":47,"column":5}},"20":{"start":{"line":44,"column":6},"end":{"line":44,"column":20}},"21":{"start":{"line":46,"column":6},"end":{"line":46,"column":27}},"22":{"start":{"line":50,"column":30},"end":{"line":50,"column":34}},"23":{"start":{"line":52,"column":2},"end":{"line":104,"column":4}}},"fnMap":{"0":{"name":"(anonymous_0)","decl":{"start":{"line":9,"column":14},"end":{"line":9,"column":15}},"loc":{"start":{"line":9,"column":20},"end":{"line":105,"column":1}},"line":9},"1":{"name":"(anonymous_1)","decl":{"start":{"line":13,"column":12},"end":{"line":13,"column":13}},"loc":{"start":{"line":13,"column":18},"end":{"line":17,"column":3}},"line":13},"2":{"name":"(anonymous_2)","decl":{"start":{"line":19,"column":34},"end":{"line":19,"column":35}},"loc":{"start":{"line":19,"column":45},"end":{"line":19,"column":68}},"line":19},"3":{"name":"(anonymous_3)","decl":{"start":{"line":22,"column":16},"end":{"line":22,"column":17}},"loc":{"start":{"line":22,"column":23},"end":{"line":25,"column":3}},"line":22},"4":{"name":"(anonymous_4)","decl":{"start":{"line":33,"column":24},"end":{"line":33,"column":25}},"loc":{"start":{"line":33,"column":35},"end":{"line":38,"column":3}},"line":33},"5":{"name":"(anonymous_5)","decl":{"start":{"line":34,"column":17},"end":{"line":34,"column":18}},"loc":{"start":{"line":34,"column":33},"end":{"line":37,"column":5}},"line":34},"6":{"name":"(anonymous_6)","decl":{"start":{"line":40,"column":23},"end":{"line":40,"column":24}},"loc":{"start":{"line":40,"column":40},"end":{"line":48,"column":3}},"line":40}},"branchMap":{"0":{"loc":{"start":{"line":14,"column":4},"end":{"line":16,"column":5}},"type":"if","locations":[{"start":{"line":14,"column":4},"end":{"line":16,"column":5}},{"start":{},"end":{}}],"line":14},"1":{"loc":{"start":{"line":43,"column":4},"end":{"line":47,"column":5}},"type":"if","locations":[{"start":{"line":43,"column":4},"end":{"line":47,"column":5}},{"start":{"line":45,"column":11},"end":{"line":47,"column":5}}],"line":43},"2":{"loc":{"start":{"line":63,"column":29},"end":{"line":63,"column":78}},"type":"cond-expr","locations":[{"start":{"line":63,"column":47},"end":{"line":63,"column":61}},{"start":{"line":63,"column":64},"end":{"line":63,"column":78}}],"line":63},"3":{"loc":{"start":{"line":93,"column":14},"end":{"line":93,"column":176}},"type":"cond-expr","locations":[{"start":{"line":93,"column":25},"end":{"line":93,"column":95}},{"start":{"line":93,"column":98},"end":{"line":93,"column":176}}],"line":93}},"s":{"0":2,"1":15,"2":15,"3":2,"4":0,"5":15,"6":21,"7":15,"8":15,"9":15,"10":15,"11":15,"12":15,"13":15,"14":4,"15":4,"16":15,"17":2,"18":2,"19":2,"20":0,"21":2,"22":15,"23":15},"f":{"0":15,"1":2,"2":21,"3":15,"4":4,"5":4,"6":2},"b":{"0":[0,2],"1":[0,2],"2":[0,15],"3":[11,4]},"_coverageSchema":"1a1c01bbd47fc00a2c39e90264f33305004495a9","hash":"6a2c1d43821d0131fd97c450a169437439d15d82"}
,"/Users/jihane/Desktop/microverse/LastProject/book-a-doctor-frontend/src/pages/NotFound/NotFound.js": {"path":"/Users/jihane/Desktop/microverse/LastProject/book-a-doctor-frontend/src/pages/NotFound/NotFound.js","statementMap":{"0":{"start":{"line":3,"column":17},"end":{"line":3,"column":46}},"1":{"start":{"line":3,"column":23},"end":{"line":3,"column":46}}},"fnMap":{"0":{"name":"(anonymous_0)","decl":{"start":{"line":3,"column":17},"end":{"line":3,"column":18}},"loc":{"start":{"line":3,"column":23},"end":{"line":3,"column":46}},"line":3}},"branchMap":{},"s":{"0":0,"1":0},"f":{"0":0},"b":{}}
,"/Users/jihane/Desktop/microverse/LastProject/book-a-doctor-frontend/src/pages/Signup/FormInput.js": {"path":"/Users/jihane/Desktop/microverse/LastProject/book-a-doctor-frontend/src/pages/Signup/FormInput.js","statementMap":{"0":{"start":{"line":5,"column":18},"end":{"line":51,"column":1}},"1":{"start":{"line":6,"column":32},"end":{"line":6,"column":47}},"2":{"start":{"line":10,"column":6},"end":{"line":10,"column":11}},"3":{"start":{"line":12,"column":22},"end":{"line":14,"column":3}},"4":{"start":{"line":13,"column":4},"end":{"line":13,"column":21}},"5":{"start":{"line":16,"column":2},"end":{"line":33,"column":3}},"6":{"start":{"line":17,"column":4},"end":{"line":32,"column":6}},"7":{"start":{"line":27,"column":25},"end":{"line":27,"column":77}},"8":{"start":{"line":34,"column":2},"end":{"line":50,"column":4}},"9":{"start":{"line":44,"column":23},"end":{"line":44,"column":75}},"10":{"start":{"line":53,"column":0},"end":{"line":61,"column":2}},"11":{"start":{"line":63,"column":0},"end":{"line":71,"column":2}}},"fnMap":{"0":{"name":"(anonymous_0)","decl":{"start":{"line":5,"column":18},"end":{"line":5,"column":19}},"loc":{"start":{"line":5,"column":29},"end":{"line":51,"column":1}},"line":5},"1":{"name":"(anonymous_1)","decl":{"start":{"line":12,"column":22},"end":{"line":12,"column":23}},"loc":{"start":{"line":12,"column":34},"end":{"line":14,"column":3}},"line":12},"2":{"name":"(anonymous_2)","decl":{"start":{"line":27,"column":19},"end":{"line":27,"column":20}},"loc":{"start":{"line":27,"column":25},"end":{"line":27,"column":77}},"line":27},"3":{"name":"(anonymous_3)","decl":{"start":{"line":44,"column":17},"end":{"line":44,"column":18}},"loc":{"start":{"line":44,"column":23},"end":{"line":44,"column":75}},"line":44}},"branchMap":{"0":{"loc":{"start":{"line":16,"column":2},"end":{"line":33,"column":3}},"type":"if","locations":[{"start":{"line":16,"column":2},"end":{"line":33,"column":3}},{"start":{},"end":{}}],"line":16},"1":{"loc":{"start":{"line":27,"column":25},"end":{"line":27,"column":77}},"type":"binary-expr","locations":[{"start":{"line":27,"column":25},"end":{"line":27,"column":57}},{"start":{"line":27,"column":61},"end":{"line":27,"column":77}}],"line":27},"2":{"loc":{"start":{"line":44,"column":23},"end":{"line":44,"column":75}},"type":"binary-expr","locations":[{"start":{"line":44,"column":23},"end":{"line":44,"column":55}},{"start":{"line":44,"column":59},"end":{"line":44,"column":75}}],"line":44}},"s":{"0":2,"1":857,"2":857,"3":857,"4":19,"5":857,"6":349,"7":5,"8":508,"9":15,"10":2,"11":2},"f":{"0":857,"1":19,"2":5,"3":15},"b":{"0":[349,508],"1":[5,0],"2":[15,5]},"_coverageSchema":"1a1c01bbd47fc00a2c39e90264f33305004495a9","hash":"3573aef5bce31e08a325fcee92f820969299a3a8"}
,"/Users/jihane/Desktop/microverse/LastProject/book-a-doctor-frontend/src/pages/Signup/Signup.js": {"path":"/Users/jihane/Desktop/microverse/LastProject/book-a-doctor-frontend/src/pages/Signup/Signup.js","statementMap":{"0":{"start":{"line":11,"column":15},"end":{"line":123,"column":1}},"1":{"start":{"line":12,"column":19},"end":{"line":12,"column":32}},"2":{"start":{"line":14,"column":19},"end":{"line":14,"column":32}},"3":{"start":{"line":16,"column":22},"end":{"line":16,"column":79}},"4":{"start":{"line":16,"column":45},"end":{"line":16,"column":78}},"5":{"start":{"line":17,"column":24},"end":{"line":17,"column":85}},"6":{"start":{"line":17,"column":47},"end":{"line":17,"column":84}},"7":{"start":{"line":19,"column":30},"end":{"line":24,"column":4}},"8":{"start":{"line":26,"column":17},"end":{"line":58,"column":3}},"9":{"start":{"line":60,"column":19},"end":{"line":62,"column":3}},"10":{"start":{"line":61,"column":4},"end":{"line":61,"column":62}},"11":{"start":{"line":64,"column":2},"end":{"line":66,"column":3}},"12":{"start":{"line":65,"column":4},"end":{"line":65,"column":18}},"13":{"start":{"line":68,"column":23},"end":{"line":80,"column":3}},"14":{"start":{"line":69,"column":4},"end":{"line":69,"column":27}},"15":{"start":{"line":71,"column":17},"end":{"line":71,"column":31}},"16":{"start":{"line":72,"column":4},"end":{"line":72,"column":37}},"17":{"start":{"line":73,"column":4},"end":{"line":73,"column":39}},"18":{"start":{"line":74,"column":4},"end":{"line":74,"column":45}},"19":{"start":{"line":75,"column":4},"end":{"line":75,"column":71}},"20":{"start":{"line":77,"column":4},"end":{"line":77,"column":119}},"21":{"start":{"line":77,"column":69},"end":{"line":77,"column":119}},"22":{"start":{"line":79,"column":4},"end":{"line":79,"column":37}},"23":{"start":{"line":82,"column":2},"end":{"line":122,"column":4}},"24":{"start":{"line":89,"column":12},"end":{"line":91,"column":19}},"25":{"start":{"line":95,"column":31},"end":{"line":95,"column":46}},"26":{"start":{"line":97,"column":12},"end":{"line":106,"column":14}}},"fnMap":{"0":{"name":"(anonymous_0)","decl":{"start":{"line":11,"column":15},"end":{"line":11,"column":16}},"loc":{"start":{"line":11,"column":21},"end":{"line":123,"column":1}},"line":11},"1":{"name":"(anonymous_1)","decl":{"start":{"line":16,"column":34},"end":{"line":16,"column":35}},"loc":{"start":{"line":16,"column":45},"end":{"line":16,"column":78}},"line":16},"2":{"name":"(anonymous_2)","decl":{"start":{"line":17,"column":36},"end":{"line":17,"column":37}},"loc":{"start":{"line":17,"column":47},"end":{"line":17,"column":84}},"line":17},"3":{"name":"(anonymous_3)","decl":{"start":{"line":60,"column":19},"end":{"line":60,"column":20}},"loc":{"start":{"line":60,"column":26},"end":{"line":62,"column":3}},"line":60},"4":{"name":"(anonymous_4)","decl":{"start":{"line":68,"column":23},"end":{"line":68,"column":24}},"loc":{"start":{"line":68,"column":40},"end":{"line":80,"column":3}},"line":68},"5":{"name":"(anonymous_5)","decl":{"start":{"line":88,"column":29},"end":{"line":88,"column":30}},"loc":{"start":{"line":89,"column":12},"end":{"line":91,"column":19}},"line":89},"6":{"name":"(anonymous_6)","decl":{"start":{"line":95,"column":24},"end":{"line":95,"column":25}},"loc":{"start":{"line":95,"column":31},"end":{"line":95,"column":46}},"line":95},"7":{"name":"(anonymous_7)","decl":{"start":{"line":96,"column":22},"end":{"line":96,"column":23}},"loc":{"start":{"line":97,"column":12},"end":{"line":106,"column":14}},"line":97}},"branchMap":{"0":{"loc":{"start":{"line":16,"column":45},"end":{"line":16,"column":78}},"type":"binary-expr","locations":[{"start":{"line":16,"column":45},"end":{"line":16,"column":69}},{"start":{"line":16,"column":73},"end":{"line":16,"column":78}}],"line":16},"1":{"loc":{"start":{"line":17,"column":47},"end":{"line":17,"column":84}},"type":"binary-expr","locations":[{"start":{"line":17,"column":47},"end":{"line":17,"column":78}},{"start":{"line":17,"column":82},"end":{"line":17,"column":84}}],"line":17},"2":{"loc":{"start":{"line":64,"column":2},"end":{"line":66,"column":3}},"type":"if","locations":[{"start":{"line":64,"column":2},"end":{"line":66,"column":3}},{"start":{},"end":{}}],"line":64},"3":{"loc":{"start":{"line":77,"column":4},"end":{"line":77,"column":119}},"type":"if","locations":[{"start":{"line":77,"column":4},"end":{"line":77,"column":119}},{"start":{},"end":{}}],"line":77},"4":{"loc":{"start":{"line":77,"column":8},"end":{"line":77,"column":67}},"type":"binary-expr","locations":[{"start":{"line":77,"column":8},"end":{"line":77,"column":26}},{"start":{"line":77,"column":30},"end":{"line":77,"column":67}}],"line":77}},"s":{"0":2,"1":209,"2":209,"3":209,"4":212,"5":209,"6":212,"7":209,"8":209,"9":209,"10":199,"11":209,"12":0,"13":209,"14":4,"15":4,"16":4,"17":4,"18":4,"19":4,"20":4,"21":0,"22":4,"23":209,"24":168,"25":4,"26":836},"f":{"0":209,"1":212,"2":212,"3":199,"4":4,"5":168,"6":4,"7":836},"b":{"0":[212,212],"1":[212,110],"2":[0,209],"3":[0,4],"4":[4,0]},"_coverageSchema":"1a1c01bbd47fc00a2c39e90264f33305004495a9","hash":"9bca2551533a16df0411e1d7afe5e598ce68993a"}
,"/Users/jihane/Desktop/microverse/LastProject/book-a-doctor-frontend/src/pages/Welcome/Welcome.js": {"path":"/Users/jihane/Desktop/microverse/LastProject/book-a-doctor-frontend/src/pages/Welcome/Welcome.js","statementMap":{"0":{"start":{"line":10,"column":14},"end":{"line":10,"column":19}},"1":{"start":{"line":11,"column":16},"end":{"line":89,"column":1}},"2":{"start":{"line":12,"column":32},"end":{"line":12,"column":43}},"3":{"start":{"line":14,"column":19},"end":{"line":14,"column":32}},"4":{"start":{"line":19,"column":6},"end":{"line":19,"column":53}},"5":{"start":{"line":19,"column":29},"end":{"line":19,"column":52}},"6":{"start":{"line":21,"column":2},"end":{"line":26,"column":9}},"7":{"start":{"line":22,"column":4},"end":{"line":25,"column":5}},"8":{"start":{"line":23,"column":6},"end":{"line":23,"column":34}},"9":{"start":{"line":24,"column":6},"end":{"line":24,"column":21}},"10":{"start":{"line":28,"column":2},"end":{"line":30,"column":3}},"11":{"start":{"line":29,"column":4},"end":{"line":29,"column":27}},"12":{"start":{"line":32,"column":2},"end":{"line":40,"column":3}},"13":{"start":{"line":33,"column":4},"end":{"line":39,"column":6}},"14":{"start":{"line":42,"column":21},"end":{"line":42,"column":35}},"15":{"start":{"line":44,"column":20},"end":{"line":47,"column":3}},"16":{"start":{"line":45,"column":4},"end":{"line":45,"column":57}},"17":{"start":{"line":46,"column":4},"end":{"line":46,"column":43}},"18":{"start":{"line":49,"column":20},"end":{"line":52,"column":3}},"19":{"start":{"line":50,"column":4},"end":{"line":50,"column":57}},"20":{"start":{"line":51,"column":4},"end":{"line":51,"column":43}},"21":{"start":{"line":54,"column":2},"end":{"line":88,"column":4}},"22":{"start":{"line":73,"column":12},"end":{"line":79,"column":14}}},"fnMap":{"0":{"name":"(anonymous_0)","decl":{"start":{"line":11,"column":16},"end":{"line":11,"column":17}},"loc":{"start":{"line":11,"column":22},"end":{"line":89,"column":1}},"line":11},"1":{"name":"(anonymous_1)","decl":{"start":{"line":19,"column":18},"end":{"line":19,"column":19}},"loc":{"start":{"line":19,"column":29},"end":{"line":19,"column":52}},"line":19},"2":{"name":"(anonymous_2)","decl":{"start":{"line":21,"column":12},"end":{"line":21,"column":13}},"loc":{"start":{"line":21,"column":18},"end":{"line":26,"column":3}},"line":21},"3":{"name":"(anonymous_3)","decl":{"start":{"line":44,"column":20},"end":{"line":44,"column":21}},"loc":{"start":{"line":44,"column":26},"end":{"line":47,"column":3}},"line":44},"4":{"name":"(anonymous_4)","decl":{"start":{"line":49,"column":20},"end":{"line":49,"column":21}},"loc":{"start":{"line":49,"column":26},"end":{"line":52,"column":3}},"line":49},"5":{"name":"(anonymous_5)","decl":{"start":{"line":70,"column":61},"end":{"line":70,"column":62}},"loc":{"start":{"line":73,"column":12},"end":{"line":79,"column":14}},"line":73}},"branchMap":{"0":{"loc":{"start":{"line":22,"column":4},"end":{"line":25,"column":5}},"type":"if","locations":[{"start":{"line":22,"column":4},"end":{"line":25,"column":5}},{"start":{},"end":{}}],"line":22},"1":{"loc":{"start":{"line":28,"column":2},"end":{"line":30,"column":3}},"type":"if","locations":[{"start":{"line":28,"column":2},"end":{"line":30,"column":3}},{"start":{},"end":{}}],"line":28},"2":{"loc":{"start":{"line":28,"column":6},"end":{"line":28,"column":44}},"type":"binary-expr","locations":[{"start":{"line":28,"column":6},"end":{"line":28,"column":33}},{"start":{"line":28,"column":37},"end":{"line":28,"column":44}}],"line":28},"3":{"loc":{"start":{"line":32,"column":2},"end":{"line":40,"column":3}},"type":"if","locations":[{"start":{"line":32,"column":2},"end":{"line":40,"column":3}},{"start":{},"end":{}}],"line":32},"4":{"loc":{"start":{"line":32,"column":6},"end":{"line":32,"column":45}},"type":"binary-expr","locations":[{"start":{"line":32,"column":6},"end":{"line":32,"column":33}},{"start":{"line":32,"column":37},"end":{"line":32,"column":45}}],"line":32},"5":{"loc":{"start":{"line":45,"column":15},"end":{"line":45,"column":55}},"type":"cond-expr","locations":[{"start":{"line":45,"column":40},"end":{"line":45,"column":41}},{"start":{"line":45,"column":44},"end":{"line":45,"column":55}}],"line":45},"6":{"loc":{"start":{"line":50,"column":15},"end":{"line":50,"column":55}},"type":"cond-expr","locations":[{"start":{"line":50,"column":31},"end":{"line":50,"column":41}},{"start":{"line":50,"column":44},"end":{"line":50,"column":55}}],"line":50},"7":{"loc":{"start":{"line":70,"column":12},"end":{"line":80,"column":12}},"type":"binary-expr","locations":[{"start":{"line":70,"column":12},"end":{"line":70,"column":32}},{"start":{"line":70,"column":36},"end":{"line":80,"column":12}}],"line":70}},"s":{"0":2,"1":2,"2":6,"3":6,"4":6,"5":1,"6":6,"7":5,"8":1,"9":1,"10":6,"11":0,"12":6,"13":1,"14":5,"15":5,"16":0,"17":0,"18":5,"19":0,"20":0,"21":5,"22":15},"f":{"0":6,"1":1,"2":5,"3":0,"4":0,"5":15},"b":{"0":[1,4],"1":[0,6],"2":[6,1],"3":[1,5],"4":[6,1],"5":[0,0],"6":[0,0],"7":[5,5]},"_coverageSchema":"1a1c01bbd47fc00a2c39e90264f33305004495a9","hash":"d732f73017fc0d3002bfdaceca52048c3438d8eb"}
,"/Users/jihane/Desktop/microverse/LastProject/book-a-doctor-frontend/src/redux/store.js": {"path":"/Users/jihane/Desktop/microverse/LastProject/book-a-doctor-frontend/src/redux/store.js","statementMap":{"0":{"start":{"line":7,"column":16},"end":{"line":10,"column":2}},"1":{"start":{"line":13,"column":14},"end":{"line":13,"column":66}}},"fnMap":{},"branchMap":{},"s":{"0":10,"1":10},"f":{},"b":{},"_coverageSchema":"1a1c01bbd47fc00a2c39e90264f33305004495a9","hash":"2771d7c99db7ac1afbe760aeaf685d5082d37c9f"}
,"/Users/jihane/Desktop/microverse/LastProject/book-a-doctor-frontend/src/redux/bookDoctor/doctorActions.js": {"path":"/Users/jihane/Desktop/microverse/LastProject/book-a-doctor-frontend/src/redux/bookDoctor/doctorActions.js","statementMap":{"0":{"start":{"line":2,"column":31},"end":{"line":2,"column":56}},"1":{"start":{"line":3,"column":19},"end":{"line":3,"column":39}},"2":{"start":{"line":4,"column":19},"end":{"line":4,"column":39}},"3":{"start":{"line":5,"column":18},"end":{"line":5,"column":37}},"4":{"start":{"line":6,"column":21},"end":{"line":6,"column":43}},"5":{"start":{"line":7,"column":20},"end":{"line":7,"column":41}},"6":{"start":{"line":8,"column":31},"end":{"line":8,"column":56}},"7":{"start":{"line":9,"column":30},"end":{"line":9,"column":54}},"8":{"start":{"line":10,"column":27},"end":{"line":10,"column":55}},"9":{"start":{"line":11,"column":31},"end":{"line":11,"column":56}},"10":{"start":{"line":12,"column":39},"end":{"line":12,"column":72}},"11":{"start":{"line":15,"column":24},"end":{"line":23,"column":1}},"12":{"start":{"line":26,"column":30},"end":{"line":29,"column":2}},"13":{"start":{"line":26,"column":44},"end":{"line":29,"column":1}},"14":{"start":{"line":31,"column":29},"end":{"line":34,"column":2}},"15":{"start":{"line":31,"column":43},"end":{"line":34,"column":1}},"16":{"start":{"line":36,"column":28},"end":{"line":39,"column":2}},"17":{"start":{"line":36,"column":42},"end":{"line":39,"column":1}},"18":{"start":{"line":41,"column":25},"end":{"line":44,"column":2}},"19":{"start":{"line":41,"column":39},"end":{"line":44,"column":1}},"20":{"start":{"line":46,"column":23},"end":{"line":48,"column":2}},"21":{"start":{"line":46,"column":30},"end":{"line":48,"column":1}},"22":{"start":{"line":50,"column":34},"end":{"line":53,"column":2}},"23":{"start":{"line":50,"column":48},"end":{"line":53,"column":1}},"24":{"start":{"line":55,"column":35},"end":{"line":58,"column":2}},"25":{"start":{"line":55,"column":49},"end":{"line":58,"column":1}},"26":{"start":{"line":60,"column":32},"end":{"line":63,"column":2}},"27":{"start":{"line":60,"column":43},"end":{"line":63,"column":1}},"28":{"start":{"line":65,"column":30},"end":{"line":68,"column":2}},"29":{"start":{"line":65,"column":41},"end":{"line":68,"column":1}},"30":{"start":{"line":70,"column":37},"end":{"line":73,"column":2}},"31":{"start":{"line":70,"column":48},"end":{"line":73,"column":1}},"32":{"start":{"line":78,"column":26},"end":{"line":107,"column":1}},"33":{"start":{"line":79,"column":2},"end":{"line":106,"column":3}},"34":{"start":{"line":81,"column":6},"end":{"line":81,"column":44}},"35":{"start":{"line":83,"column":6},"end":{"line":83,"column":43}},"36":{"start":{"line":85,"column":22},"end":{"line":85,"column":49}},"37":{"start":{"line":86,"column":6},"end":{"line":86,"column":35}},"38":{"start":{"line":89,"column":6},"end":{"line":89,"column":42}},"39":{"start":{"line":91,"column":6},"end":{"line":91,"column":51}},"40":{"start":{"line":93,"column":6},"end":{"line":93,"column":48}},"41":{"start":{"line":95,"column":6},"end":{"line":95,"column":95}},"42":{"start":{"line":97,"column":6},"end":{"line":97,"column":84}},"43":{"start":{"line":99,"column":6},"end":{"line":99,"column":45}},"44":{"start":{"line":101,"column":6},"end":{"line":101,"column":88}},"45":{"start":{"line":103,"column":6},"end":{"line":103,"column":57}},"46":{"start":{"line":105,"column":6},"end":{"line":105,"column":19}}},"fnMap":{"0":{"name":"(anonymous_0)","decl":{"start":{"line":26,"column":30},"end":{"line":26,"column":31}},"loc":{"start":{"line":26,"column":44},"end":{"line":29,"column":1}},"line":26},"1":{"name":"(anonymous_1)","decl":{"start":{"line":31,"column":29},"end":{"line":31,"column":30}},"loc":{"start":{"line":31,"column":43},"end":{"line":34,"column":1}},"line":31},"2":{"name":"(anonymous_2)","decl":{"start":{"line":36,"column":28},"end":{"line":36,"column":29}},"loc":{"start":{"line":36,"column":42},"end":{"line":39,"column":1}},"line":36},"3":{"name":"(anonymous_3)","decl":{"start":{"line":41,"column":25},"end":{"line":41,"column":26}},"loc":{"start":{"line":41,"column":39},"end":{"line":44,"column":1}},"line":41},"4":{"name":"(anonymous_4)","decl":{"start":{"line":46,"column":23},"end":{"line":46,"column":24}},"loc":{"start":{"line":46,"column":30},"end":{"line":48,"column":1}},"line":46},"5":{"name":"(anonymous_5)","decl":{"start":{"line":50,"column":34},"end":{"line":50,"column":35}},"loc":{"start":{"line":50,"column":48},"end":{"line":53,"column":1}},"line":50},"6":{"name":"(anonymous_6)","decl":{"start":{"line":55,"column":35},"end":{"line":55,"column":36}},"loc":{"start":{"line":55,"column":49},"end":{"line":58,"column":1}},"line":55},"7":{"name":"(anonymous_7)","decl":{"start":{"line":60,"column":32},"end":{"line":60,"column":33}},"loc":{"start":{"line":60,"column":43},"end":{"line":63,"column":1}},"line":60},"8":{"name":"(anonymous_8)","decl":{"start":{"line":65,"column":30},"end":{"line":65,"column":31}},"loc":{"start":{"line":65,"column":41},"end":{"line":68,"column":1}},"line":65},"9":{"name":"(anonymous_9)","decl":{"start":{"line":70,"column":37},"end":{"line":70,"column":38}},"loc":{"start":{"line":70,"column":48},"end":{"line":73,"column":1}},"line":70},"10":{"name":"(anonymous_10)","decl":{"start":{"line":78,"column":26},"end":{"line":78,"column":27}},"loc":{"start":{"line":78,"column":74},"end":{"line":107,"column":1}},"line":78}},"branchMap":{"0":{"loc":{"start":{"line":78,"column":27},"end":{"line":78,"column":50}},"type":"default-arg","locations":[{"start":{"line":78,"column":35},"end":{"line":78,"column":50}}],"line":78},"1":{"loc":{"start":{"line":79,"column":2},"end":{"line":106,"column":3}},"type":"switch","locations":[{"start":{"line":80,"column":4},"end":{"line":81,"column":44}},{"start":{"line":82,"column":4},"end":{"line":83,"column":43}},{"start":{"line":84,"column":4},"end":{"line":87,"column":5}},{"start":{"line":88,"column":4},"end":{"line":89,"column":42}},{"start":{"line":90,"column":4},"end":{"line":91,"column":51}},{"start":{"line":92,"column":4},"end":{"line":93,"column":48}},{"start":{"line":94,"column":4},"end":{"line":95,"column":95}},{"start":{"line":96,"column":4},"end":{"line":97,"column":84}},{"start":{"line":98,"column":4},"end":{"line":99,"column":45}},{"start":{"line":100,"column":4},"end":{"line":101,"column":88}},{"start":{"line":102,"column":4},"end":{"line":103,"column":57}},{"start":{"line":104,"column":4},"end":{"line":105,"column":19}}],"line":79}},"s":{"0":13,"1":13,"2":13,"3":13,"4":13,"5":13,"6":13,"7":13,"8":13,"9":13,"10":13,"11":13,"12":13,"13":0,"14":13,"15":0,"16":13,"17":0,"18":13,"19":2,"20":13,"21":8,"22":13,"23":0,"24":13,"25":0,"26":13,"27":0,"28":13,"29":0,"30":13,"31":0,"32":13,"33":45,"34":1,"35":0,"36":0,"37":0,"38":2,"39":7,"40":0,"41":1,"42":0,"43":0,"44":1,"45":0,"46":33},"f":{"0":0,"1":0,"2":0,"3":2,"4":8,"5":0,"6":0,"7":0,"8":0,"9":0,"10":45},"b":{"0":[30],"1":[1,0,0,2,7,0,1,0,0,1,0,33]},"_coverageSchema":"1a1c01bbd47fc00a2c39e90264f33305004495a9","hash":"b5f8a94e843cf89e6016c228b80a3c95261efb5d"}
,"/Users/jihane/Desktop/microverse/LastProject/book-a-doctor-frontend/src/redux/bookDoctor/doctorThunks.js": {"path":"/Users/jihane/Desktop/microverse/LastProject/book-a-doctor-frontend/src/redux/bookDoctor/doctorThunks.js","statementMap":{"0":{"start":{"line":9,"column":31},"end":{"line":21,"column":1}},"1":{"start":{"line":9,"column":37},"end":{"line":21,"column":1}},"2":{"start":{"line":10,"column":2},"end":{"line":20,"column":3}},"3":{"start":{"line":11,"column":4},"end":{"line":11,"column":32}},"4":{"start":{"line":12,"column":21},"end":{"line":12,"column":76}},"5":{"start":{"line":12,"column":64},"end":{"line":12,"column":75}},"6":{"start":{"line":13,"column":4},"end":{"line":13,"column":47}},"7":{"start":{"line":14,"column":27},"end":{"line":14,"column":52}},"8":{"start":{"line":15,"column":4},"end":{"line":15,"column":57}},"9":{"start":{"line":16,"column":4},"end":{"line":16,"column":32}},"10":{"start":{"line":18,"column":4},"end":{"line":18,"column":38}},"11":{"start":{"line":19,"column":4},"end":{"line":19,"column":25}},"12":{"start":{"line":23,"column":30},"end":{"line":33,"column":1}},"13":{"start":{"line":23,"column":38},"end":{"line":33,"column":1}},"14":{"start":{"line":24,"column":2},"end":{"line":32,"column":3}},"15":{"start":{"line":25,"column":4},"end":{"line":25,"column":32}},"16":{"start":{"line":26,"column":21},"end":{"line":26,"column":43}},"17":{"start":{"line":27,"column":4},"end":{"line":27,"column":46}},"18":{"start":{"line":28,"column":4},"end":{"line":28,"column":32}},"19":{"start":{"line":30,"column":4},"end":{"line":30,"column":38}},"20":{"start":{"line":31,"column":4},"end":{"line":31,"column":25}},"21":{"start":{"line":35,"column":28},"end":{"line":52,"column":1}},"22":{"start":{"line":35,"column":38},"end":{"line":52,"column":1}},"23":{"start":{"line":36,"column":16},"end":{"line":36,"column":18}},"24":{"start":{"line":37,"column":2},"end":{"line":37,"column":30}},"25":{"start":{"line":38,"column":2},"end":{"line":50,"column":7}},"26":{"start":{"line":39,"column":24},"end":{"line":39,"column":39}},"27":{"start":{"line":41,"column":6},"end":{"line":41,"column":41}},"28":{"start":{"line":42,"column":6},"end":{"line":42,"column":34}},"29":{"start":{"line":43,"column":6},"end":{"line":49,"column":7}},"30":{"start":{"line":44,"column":8},"end":{"line":44,"column":54}},"31":{"start":{"line":45,"column":8},"end":{"line":45,"column":50}},"32":{"start":{"line":46,"column":8},"end":{"line":46,"column":81}},"33":{"start":{"line":48,"column":8},"end":{"line":48,"column":65}},"34":{"start":{"line":51,"column":2},"end":{"line":51,"column":17}},"35":{"start":{"line":54,"column":42},"end":{"line":57,"column":1}},"36":{"start":{"line":54,"column":50},"end":{"line":57,"column":1}},"37":{"start":{"line":55,"column":19},"end":{"line":55,"column":41}},"38":{"start":{"line":56,"column":2},"end":{"line":56,"column":68}},"39":{"start":{"line":56,"column":23},"end":{"line":56,"column":68}},"40":{"start":{"line":59,"column":40},"end":{"line":72,"column":1}},"41":{"start":{"line":59,"column":65},"end":{"line":72,"column":1}},"42":{"start":{"line":60,"column":25},"end":{"line":65,"column":10}},"43":{"start":{"line":67,"column":2},"end":{"line":71,"column":3}},"44":{"start":{"line":68,"column":4},"end":{"line":68,"column":74}},"45":{"start":{"line":70,"column":4},"end":{"line":70,"column":58}},"46":{"start":{"line":74,"column":30},"end":{"line":90,"column":1}},"47":{"start":{"line":74,"column":40},"end":{"line":90,"column":1}},"48":{"start":{"line":75,"column":16},"end":{"line":75,"column":18}},"49":{"start":{"line":76,"column":2},"end":{"line":76,"column":30}},"50":{"start":{"line":77,"column":2},"end":{"line":88,"column":7}},"51":{"start":{"line":78,"column":24},"end":{"line":78,"column":39}},"52":{"start":{"line":80,"column":6},"end":{"line":80,"column":41}},"53":{"start":{"line":81,"column":6},"end":{"line":81,"column":34}},"54":{"start":{"line":82,"column":6},"end":{"line":87,"column":7}},"55":{"start":{"line":83,"column":8},"end":{"line":83,"column":45}},"56":{"start":{"line":84,"column":8},"end":{"line":84,"column":78}},"57":{"start":{"line":86,"column":8},"end":{"line":86,"column":69}},"58":{"start":{"line":89,"column":2},"end":{"line":89,"column":17}}},"fnMap":{"0":{"name":"(anonymous_0)","decl":{"start":{"line":9,"column":31},"end":{"line":9,"column":32}},"loc":{"start":{"line":9,"column":37},"end":{"line":21,"column":1}},"line":9},"1":{"name":"(anonymous_1)","decl":{"start":{"line":9,"column":37},"end":{"line":9,"column":38}},"loc":{"start":{"line":9,"column":57},"end":{"line":21,"column":1}},"line":9},"2":{"name":"(anonymous_2)","decl":{"start":{"line":12,"column":54},"end":{"line":12,"column":55}},"loc":{"start":{"line":12,"column":64},"end":{"line":12,"column":75}},"line":12},"3":{"name":"(anonymous_3)","decl":{"start":{"line":23,"column":30},"end":{"line":23,"column":31}},"loc":{"start":{"line":23,"column":38},"end":{"line":33,"column":1}},"line":23},"4":{"name":"(anonymous_4)","decl":{"start":{"line":23,"column":38},"end":{"line":23,"column":39}},"loc":{"start":{"line":23,"column":58},"end":{"line":33,"column":1}},"line":23},"5":{"name":"(anonymous_5)","decl":{"start":{"line":35,"column":28},"end":{"line":35,"column":29}},"loc":{"start":{"line":35,"column":38},"end":{"line":52,"column":1}},"line":35},"6":{"name":"(anonymous_6)","decl":{"start":{"line":35,"column":38},"end":{"line":35,"column":39}},"loc":{"start":{"line":35,"column":58},"end":{"line":52,"column":1}},"line":35},"7":{"name":"(anonymous_7)","decl":{"start":{"line":39,"column":10},"end":{"line":39,"column":11}},"loc":{"start":{"line":39,"column":24},"end":{"line":39,"column":39}},"line":39},"8":{"name":"(anonymous_8)","decl":{"start":{"line":40,"column":10},"end":{"line":40,"column":11}},"loc":{"start":{"line":40,"column":20},"end":{"line":50,"column":5}},"line":40},"9":{"name":"(anonymous_9)","decl":{"start":{"line":54,"column":42},"end":{"line":54,"column":43}},"loc":{"start":{"line":54,"column":50},"end":{"line":57,"column":1}},"line":54},"10":{"name":"(anonymous_10)","decl":{"start":{"line":54,"column":50},"end":{"line":54,"column":51}},"loc":{"start":{"line":54,"column":70},"end":{"line":57,"column":1}},"line":54},"11":{"name":"(anonymous_11)","decl":{"start":{"line":59,"column":40},"end":{"line":59,"column":41}},"loc":{"start":{"line":59,"column":65},"end":{"line":72,"column":1}},"line":59},"12":{"name":"(anonymous_12)","decl":{"start":{"line":59,"column":65},"end":{"line":59,"column":66}},"loc":{"start":{"line":59,"column":85},"end":{"line":72,"column":1}},"line":59},"13":{"name":"(anonymous_13)","decl":{"start":{"line":74,"column":30},"end":{"line":74,"column":31}},"loc":{"start":{"line":74,"column":40},"end":{"line":90,"column":1}},"line":74},"14":{"name":"(anonymous_14)","decl":{"start":{"line":74,"column":40},"end":{"line":74,"column":41}},"loc":{"start":{"line":74,"column":60},"end":{"line":90,"column":1}},"line":74},"15":{"name":"(anonymous_15)","decl":{"start":{"line":78,"column":10},"end":{"line":78,"column":11}},"loc":{"start":{"line":78,"column":24},"end":{"line":78,"column":39}},"line":78},"16":{"name":"(anonymous_16)","decl":{"start":{"line":79,"column":10},"end":{"line":79,"column":11}},"loc":{"start":{"line":79,"column":20},"end":{"line":88,"column":5}},"line":79}},"branchMap":{"0":{"loc":{"start":{"line":43,"column":6},"end":{"line":49,"column":7}},"type":"if","locations":[{"start":{"line":43,"column":6},"end":{"line":49,"column":7}},{"start":{"line":47,"column":13},"end":{"line":49,"column":7}}],"line":43},"1":{"loc":{"start":{"line":56,"column":2},"end":{"line":56,"column":68}},"type":"if","locations":[{"start":{"line":56,"column":2},"end":{"line":56,"column":68}},{"start":{},"end":{}}],"line":56},"2":{"loc":{"start":{"line":67,"column":2},"end":{"line":71,"column":3}},"type":"if","locations":[{"start":{"line":67,"column":2},"end":{"line":71,"column":3}},{"start":{"line":69,"column":9},"end":{"line":71,"column":3}}],"line":67},"3":{"loc":{"start":{"line":82,"column":6},"end":{"line":87,"column":7}},"type":"if","locations":[{"start":{"line":82,"column":6},"end":{"line":87,"column":7}},{"start":{"line":85,"column":13},"end":{"line":87,"column":7}}],"line":82}},"s":{"0":11,"1":5,"2":4,"3":4,"4":4,"5":0,"6":0,"7":0,"8":0,"9":0,"10":0,"11":0,"12":11,"13":0,"14":0,"15":0,"16":0,"17":0,"18":0,"19":0,"20":0,"21":11,"22":2,"23":2,"24":2,"25":2,"26":2,"27":2,"28":2,"29":2,"30":0,"31":0,"32":0,"33":2,"34":2,"35":11,"36":0,"37":0,"38":0,"39":0,"40":11,"41":2,"42":2,"43":0,"44":0,"45":0,"46":11,"47":0,"48":0,"49":0,"50":0,"51":0,"52":0,"53":0,"54":0,"55":0,"56":0,"57":0,"58":0},"f":{"0":5,"1":4,"2":0,"3":0,"4":0,"5":2,"6":2,"7":2,"8":2,"9":0,"10":0,"11":2,"12":2,"13":0,"14":0,"15":0,"16":0},"b":{"0":[0,2],"1":[0,0],"2":[0,0],"3":[0,0]},"_coverageSchema":"1a1c01bbd47fc00a2c39e90264f33305004495a9","hash":"3a25a5d9f24325d0aa8b90070b8347f52f85cc68"}
,"/Users/jihane/Desktop/microverse/LastProject/book-a-doctor-frontend/src/redux/user/userActions.js": {"path":"/Users/jihane/Desktop/microverse/LastProject/book-a-doctor-frontend/src/redux/user/userActions.js","statementMap":{"0":{"start":{"line":1,"column":30},"end":{"line":1,"column":46}},"1":{"start":{"line":2,"column":30},"end":{"line":2,"column":46}},"2":{"start":{"line":3,"column":29},"end":{"line":3,"column":44}},"3":{"start":{"line":5,"column":21},"end":{"line":8,"column":1}},"4":{"start":{"line":10,"column":20},"end":{"line":46,"column":1}},"5":{"start":{"line":11,"column":2},"end":{"line":45,"column":3}},"6":{"start":{"line":13,"column":6},"end":{"line":17,"column":8}},"7":{"start":{"line":20,"column":6},"end":{"line":23,"column":8}},"8":{"start":{"line":26,"column":25},"end":{"line":26,"column":27}},"9":{"start":{"line":27,"column":6},"end":{"line":29,"column":7}},"10":{"start":{"line":28,"column":8},"end":{"line":28,"column":53}},"11":{"start":{"line":30,"column":6},"end":{"line":32,"column":7}},"12":{"start":{"line":31,"column":8},"end":{"line":31,"column":55}},"13":{"start":{"line":33,"column":6},"end":{"line":35,"column":7}},"14":{"start":{"line":34,"column":8},"end":{"line":34,"column":59}},"15":{"start":{"line":36,"column":6},"end":{"line":40,"column":8}},"16":{"start":{"line":43,"column":6},"end":{"line":43,"column":19}},"17":{"start":{"line":50,"column":29},"end":{"line":53,"column":2}},"18":{"start":{"line":50,"column":40},"end":{"line":53,"column":1}},"19":{"start":{"line":55,"column":29},"end":{"line":58,"column":2}},"20":{"start":{"line":55,"column":40},"end":{"line":58,"column":1}},"21":{"start":{"line":60,"column":28},"end":{"line":63,"column":2}},"22":{"start":{"line":60,"column":42},"end":{"line":63,"column":1}}},"fnMap":{"0":{"name":"(anonymous_0)","decl":{"start":{"line":10,"column":20},"end":{"line":10,"column":21}},"loc":{"start":{"line":10,"column":65},"end":{"line":46,"column":1}},"line":10},"1":{"name":"(anonymous_1)","decl":{"start":{"line":50,"column":29},"end":{"line":50,"column":30}},"loc":{"start":{"line":50,"column":40},"end":{"line":53,"column":1}},"line":50},"2":{"name":"(anonymous_2)","decl":{"start":{"line":55,"column":29},"end":{"line":55,"column":30}},"loc":{"start":{"line":55,"column":40},"end":{"line":58,"column":1}},"line":55},"3":{"name":"(anonymous_3)","decl":{"start":{"line":60,"column":28},"end":{"line":60,"column":29}},"loc":{"start":{"line":60,"column":42},"end":{"line":63,"column":1}},"line":60}},"branchMap":{"0":{"loc":{"start":{"line":10,"column":21},"end":{"line":10,"column":41}},"type":"default-arg","locations":[{"start":{"line":10,"column":29},"end":{"line":10,"column":41}}],"line":10},"1":{"loc":{"start":{"line":11,"column":2},"end":{"line":45,"column":3}},"type":"switch","locations":[{"start":{"line":12,"column":4},"end":{"line":18,"column":5}},{"start":{"line":19,"column":4},"end":{"line":24,"column":5}},{"start":{"line":25,"column":4},"end":{"line":41,"column":5}},{"start":{"line":42,"column":4},"end":{"line":44,"column":5}}],"line":11},"2":{"loc":{"start":{"line":27,"column":6},"end":{"line":29,"column":7}},"type":"if","locations":[{"start":{"line":27,"column":6},"end":{"line":29,"column":7}},{"start":{},"end":{}}],"line":27},"3":{"loc":{"start":{"line":30,"column":6},"end":{"line":32,"column":7}},"type":"if","locations":[{"start":{"line":30,"column":6},"end":{"line":32,"column":7}},{"start":{},"end":{}}],"line":30},"4":{"loc":{"start":{"line":33,"column":6},"end":{"line":35,"column":7}},"type":"if","locations":[{"start":{"line":33,"column":6},"end":{"line":35,"column":7}},{"start":{},"end":{}}],"line":33}},"s":{"0":14,"1":14,"2":14,"3":14,"4":14,"5":44,"6":1,"7":1,"8":3,"9":3,"10":2,"11":3,"12":1,"13":3,"14":1,"15":3,"16":39,"17":14,"18":0,"19":14,"20":3,"21":14,"22":1},"f":{"0":44,"1":0,"2":3,"3":1},"b":{"0":[30],"1":[1,1,3,39],"2":[2,1],"3":[1,2],"4":[1,2]},"_coverageSchema":"1a1c01bbd47fc00a2c39e90264f33305004495a9","hash":"dddbdb1213b3f03dc443f82fbf732996a1d9a8ec"}
,"/Users/jihane/Desktop/microverse/LastProject/book-a-doctor-frontend/src/redux/user/userThunks.js": {"path":"/Users/jihane/Desktop/microverse/LastProject/book-a-doctor-frontend/src/redux/user/userThunks.js","statementMap":{"0":{"start":{"line":5,"column":32},"end":{"line":13,"column":1}},"1":{"start":{"line":5,"column":42},"end":{"line":13,"column":1}},"2":{"start":{"line":6,"column":19},"end":{"line":6,"column":70}},"3":{"start":{"line":7,"column":2},"end":{"line":12,"column":3}},"4":{"start":{"line":8,"column":4},"end":{"line":8,"column":60}},"5":{"start":{"line":10,"column":4},"end":{"line":10,"column":58}},"6":{"start":{"line":11,"column":4},"end":{"line":11,"column":59}}},"fnMap":{"0":{"name":"(anonymous_0)","decl":{"start":{"line":5,"column":32},"end":{"line":5,"column":33}},"loc":{"start":{"line":5,"column":42},"end":{"line":13,"column":1}},"line":5},"1":{"name":"(anonymous_1)","decl":{"start":{"line":5,"column":42},"end":{"line":5,"column":43}},"loc":{"start":{"line":5,"column":62},"end":{"line":13,"column":1}},"line":5}},"branchMap":{"0":{"loc":{"start":{"line":7,"column":2},"end":{"line":12,"column":3}},"type":"if","locations":[{"start":{"line":7,"column":2},"end":{"line":12,"column":3}},{"start":{"line":9,"column":9},"end":{"line":12,"column":3}}],"line":7}},"s":{"0":3,"1":6,"2":6,"3":3,"4":3,"5":0,"6":0},"f":{"0":6,"1":6},"b":{"0":[3,0]},"_coverageSchema":"1a1c01bbd47fc00a2c39e90264f33305004495a9","hash":"7a9cf002813c41861ae2a67070eb0d29890cd841"}
}
