TN:
SF:src/App.js
FN:14,(anonymous_0)
FNF:1
FNH:0
FNDA:0,(anonymous_0)
DA:14,0
DA:15,0
LF:2
LH:0
BRF:0
BRH:0
end_of_record
TN:
SF:src/index.js
FNF:0
FNH:0
DA:9,0
LF:1
LH:0
BRF:0
BRH:0
end_of_record
TN:
SF:src/components/AnimateWrapper.js
FN:5,(anonymous_0)
FNF:1
FNH:1
FNDA:20,(anonymous_0)
DA:5,4
DA:8,20
LF:2
LH:2
BRF:0
BRH:0
end_of_record
TN:
SF:src/components/Spinner.js
FN:4,LoadingInfo
FNF:1
FNH:0
FNDA:0,LoadingInfo
DA:5,0
LF:1
LH:0
BRF:0
BRH:0
end_of_record
TN:
SF:src/components/Doctors/AddDoctor.js
FN:8,AddDoctor
FN:11,(anonymous_1)
FN:15,(anonymous_2)
FN:17,formData
FN:28,(anonymous_4)
FN:34,(anonymous_5)
FN:45,(anonymous_6)
FNF:7
FNH:2
FNDA:3,AddDoctor
FNDA:3,(anonymous_1)
FNDA:0,(anonymous_2)
FNDA:0,formData
FNDA:0,(anonymous_4)
FNDA:0,(anonymous_5)
FNDA:0,(anonymous_6)
DA:9,3
DA:10,3
DA:11,3
DA:12,3
DA:13,3
DA:15,3
DA:18,0
DA:19,0
DA:20,0
DA:21,0
DA:22,0
DA:23,0
DA:24,0
DA:25,0
DA:28,3
DA:29,0
DA:30,0
DA:31,0
DA:32,0
DA:33,0
DA:34,0
DA:35,0
DA:39,3
DA:45,0
LF:24
LH:8
BRDA:24,0,0,0
BRDA:24,0,1,0
BRDA:33,1,0,0
BRDA:33,1,1,0
BRDA:44,2,0,0
BRDA:44,2,1,3
BRDA:58,3,0,3
BRDA:58,3,1,0
BRF:8
BRH:2
end_of_record
TN:
SF:src/components/Doctors/BookAppointment.js
FN:8,BookAppointment
FN:12,(anonymous_1)
FN:16,(anonymous_2)
FN:18,(anonymous_3)
FN:29,(anonymous_4)
FN:34,(anonymous_5)
FN:49,(anonymous_6)
FN:51,(anonymous_7)
FN:55,(anonymous_8)
FN:71,(anonymous_9)
FNF:10
FNH:5
FNDA:8,BookAppointment
FNDA:11,(anonymous_1)
FNDA:11,(anonymous_2)
FNDA:3,(anonymous_3)
FNDA:0,(anonymous_4)
FNDA:0,(anonymous_5)
FNDA:0,(anonymous_6)
FNDA:0,(anonymous_7)
FNDA:0,(anonymous_8)
FNDA:1,(anonymous_9)
DA:9,8
DA:10,8
DA:12,11
DA:13,8
DA:14,8
DA:15,8
DA:16,11
DA:18,8
DA:19,3
DA:20,0
DA:22,0
DA:23,0
DA:25,3
DA:29,8
DA:30,0
DA:31,0
DA:34,8
DA:35,0
DA:36,0
DA:37,0
DA:40,8
DA:41,0
DA:42,0
DA:45,8
DA:49,0
DA:51,0
DA:56,0
DA:72,1
LF:28
LH:15
BRDA:12,0,0,11
BRDA:12,0,1,11
BRDA:16,1,0,11
BRDA:16,1,1,11
BRDA:19,2,0,0
BRDA:19,2,1,3
BRDA:40,3,0,0
BRDA:40,3,1,8
BRF:8
BRH:6
end_of_record
TN:
SF:src/components/Doctors/Details.js
FN:7,Details
FN:10,(anonymous_1)
FN:13,(anonymous_2)
FN:17,(anonymous_3)
FN:47,(anonymous_4)
FNF:5
FNH:2
FNDA:1,Details
FNDA:1,(anonymous_1)
FNDA:0,(anonymous_2)
FNDA:0,(anonymous_3)
FNDA:0,(anonymous_4)
DA:8,1
DA:9,1
DA:10,1
DA:11,1
DA:13,1
DA:14,0
DA:17,1
DA:18,0
DA:19,0
DA:22,1
DA:47,0
LF:11
LH:7
BRF:0
BRH:0
end_of_record
TN:
SF:src/components/Doctors/ListDoctors.js
FN:3,ListDoctors
FNF:1
FNH:0
FNDA:0,ListDoctors
DA:4,0
LF:1
LH:0
BRF:0
BRH:0
end_of_record
TN:
SF:src/components/Doctors/Carousel/CarouselItem.js
FN:10,(anonymous_0)
FN:14,(anonymous_1)
FNF:2
FNH:1
FNDA:15,(anonymous_0)
FNDA:0,(anonymous_1)
DA:10,2
DA:13,15
DA:14,15
DA:15,0
DA:17,15
DA:37,2
DA:41,2
LF:7
LH:6
BRF:0
BRH:0
end_of_record
TN:
SF:src/components/Navigation/Navbar.js
FN:11,Navbar
FN:14,(anonymous_1)
FN:16,(anonymous_2)
FN:17,(anonymous_3)
FN:19,(anonymous_4)
FN:47,(anonymous_5)
FNF:6
FNH:0
FNDA:0,Navbar
FNDA:0,(anonymous_1)
FNDA:0,(anonymous_2)
FNDA:0,(anonymous_3)
FNDA:0,(anonymous_4)
FNDA:0,(anonymous_5)
DA:12,0
DA:14,0
DA:16,0
DA:17,0
DA:18,0
DA:19,0
DA:20,0
DA:21,0
DA:24,0
DA:48,0
LF:10
LH:0
BRDA:17,0,0,0
BRDA:17,0,1,0
BRDA:26,1,0,0
BRDA:26,1,1,0
BRDA:30,2,0,0
BRDA:30,2,1,0
BRDA:36,3,0,0
BRDA:36,3,1,0
BRF:8
BRH:0
end_of_record
TN:
SF:src/components/Navigation/SidebarData.js
FN:68,SidebarData
FNF:1
FNH:0
FNDA:0,SidebarData
DA:6,0
DA:44,0
DA:69,0
DA:70,0
DA:71,0
LF:5
LH:0
BRDA:69,0,0,0
BRDA:69,0,1,0
BRF:2
BRH:0
end_of_record
TN:
SF:src/components/Reservations/MyReservations.js
FN:3,MyReservations
FNF:1
FNH:0
FNDA:0,MyReservations
DA:4,0
LF:1
LH:0
BRF:0
BRH:0
end_of_record
TN:
SF:src/components/routes/PrivateRoute.js
FN:7,(anonymous_0)
FN:10,(anonymous_1)
FNF:2
FNH:0
FNDA:0,(anonymous_0)
FNDA:0,(anonymous_1)
DA:7,0
DA:8,0
DA:10,0
DA:11,0
DA:12,0
DA:16,0
DA:24,0
LF:7
LH:0
BRDA:11,0,0,0
BRDA:11,0,1,0
BRF:2
BRH:0
end_of_record
TN:
SF:src/helpers/api/call.js
FN:5,(anonymous_0)
FN:7,(anonymous_1)
FN:14,(anonymous_2)
FN:16,(anonymous_3)
FN:23,(anonymous_4)
FN:25,(anonymous_5)
FN:29,(anonymous_6)
FN:31,(anonymous_7)
FN:39,(anonymous_8)
FN:44,(anonymous_9)
FN:50,(anonymous_10)
FNF:11
FNH:5
FNDA:0,(anonymous_0)
FNDA:4,(anonymous_1)
FNDA:0,(anonymous_2)
FNDA:4,(anonymous_3)
FNDA:2,(anonymous_4)
FNDA:6,(anonymous_5)
FNDA:3,(anonymous_6)
FNDA:0,(anonymous_7)
FNDA:0,(anonymous_8)
FNDA:0,(anonymous_9)
FNDA:0,(anonymous_10)
DA:3,14
DA:5,14
DA:7,14
DA:14,0
DA:16,14
DA:23,2
DA:25,14
DA:29,3
DA:31,14
DA:32,0
DA:39,0
DA:41,0
DA:44,14
DA:50,0
LF:14
LH:9
BRF:0
BRH:0
end_of_record
TN:
SF:src/helpers/format/StorageManager.js
FN:2,(anonymous_0)
FN:4,(anonymous_1)
FN:6,(anonymous_2)
FNF:3
FNH:1
FNDA:10,(anonymous_0)
FNDA:0,(anonymous_1)
FNDA:0,(anonymous_2)
DA:2,14
DA:4,14
DA:6,14
LF:3
LH:3
BRDA:2,0,0,0
BRDA:2,0,1,10
BRF:2
BRH:1
end_of_record
TN:
SF:src/helpers/format/format.js
FN:3,(anonymous_0)
FN:11,(anonymous_1)
FN:22,(anonymous_2)
FNF:3
FNH:2
FNDA:0,(anonymous_0)
FNDA:3,(anonymous_1)
FNDA:2,(anonymous_2)
DA:3,11
DA:4,0
DA:5,0
DA:6,0
DA:7,0
DA:8,0
DA:11,11
DA:12,3
DA:13,3
DA:14,3
DA:15,3
DA:16,6
DA:19,3
DA:22,11
DA:23,2
DA:24,2
DA:25,2
DA:27,0
LF:18
LH:12
BRDA:24,0,0,2
BRDA:24,0,1,0
BRDA:24,1,0,2
BRDA:24,1,1,0
BRDA:24,1,2,0
BRDA:24,1,3,0
BRF:6
BRH:2
end_of_record
TN:
SF:src/pages/Login/Login.js
FN:9,(anonymous_0)
FN:13,(anonymous_1)
FN:19,(anonymous_2)
FN:22,(anonymous_3)
FN:33,(anonymous_4)
FN:34,(anonymous_5)
FN:40,(anonymous_6)
FNF:7
FNH:7
FNDA:15,(anonymous_0)
FNDA:2,(anonymous_1)
FNDA:21,(anonymous_2)
FNDA:15,(anonymous_3)
FNDA:4,(anonymous_4)
FNDA:4,(anonymous_5)
FNDA:2,(anonymous_6)
DA:9,2
DA:11,15
DA:13,15
DA:14,2
DA:15,0
DA:19,21
DA:20,15
DA:22,15
DA:27,15
DA:29,15
DA:31,15
DA:33,15
DA:34,4
DA:40,15
DA:41,2
DA:42,2
DA:43,2
DA:44,0
DA:46,2
DA:50,15
DA:52,15
LF:21
LH:19
BRDA:14,0,0,0
BRDA:14,0,1,2
BRDA:43,1,0,0
BRDA:43,1,1,2
BRDA:63,2,0,0
BRDA:63,2,1,15
BRDA:93,3,0,11
BRDA:93,3,1,4
BRF:8
BRH:5
end_of_record
TN:
SF:src/pages/NotFound/NotFound.js
FN:3,(anonymous_0)
FNF:1
FNH:0
FNDA:0,(anonymous_0)
DA:3,0
LF:1
LH:0
BRF:0
BRH:0
end_of_record
TN:
SF:src/pages/Signup/FormInput.js
FN:5,(anonymous_0)
FN:12,(anonymous_1)
FN:27,(anonymous_2)
FN:44,(anonymous_3)
FNF:4
FNH:4
FNDA:857,(anonymous_0)
FNDA:19,(anonymous_1)
FNDA:5,(anonymous_2)
FNDA:15,(anonymous_3)
DA:5,2
DA:6,857
DA:10,857
DA:12,857
DA:13,19
DA:16,857
DA:17,349
DA:27,5
DA:34,508
DA:44,15
DA:53,2
DA:63,2
LF:12
LH:12
BRDA:16,0,0,349
BRDA:16,0,1,508
BRDA:27,1,0,5
BRDA:27,1,1,0
BRDA:44,2,0,15
BRDA:44,2,1,5
BRF:6
BRH:5
end_of_record
TN:
SF:src/pages/Signup/Signup.js
FN:11,(anonymous_0)
FN:16,(anonymous_1)
FN:17,(anonymous_2)
FN:60,(anonymous_3)
FN:68,(anonymous_4)
FN:88,(anonymous_5)
FN:95,(anonymous_6)
FN:96,(anonymous_7)
FNF:8
FNH:8
FNDA:209,(anonymous_0)
FNDA:212,(anonymous_1)
FNDA:212,(anonymous_2)
FNDA:199,(anonymous_3)
FNDA:4,(anonymous_4)
FNDA:168,(anonymous_5)
FNDA:4,(anonymous_6)
FNDA:836,(anonymous_7)
DA:11,2
DA:12,209
DA:14,209
DA:16,212
DA:17,212
DA:19,209
DA:26,209
DA:60,209
DA:61,199
DA:64,209
DA:65,0
DA:68,209
DA:69,4
DA:71,4
DA:72,4
DA:73,4
DA:74,4
DA:75,4
DA:77,4
DA:79,4
DA:82,209
DA:89,168
DA:95,4
DA:97,836
LF:24
LH:23
BRDA:16,0,0,212
BRDA:16,0,1,212
BRDA:17,1,0,212
BRDA:17,1,1,110
BRDA:64,2,0,0
BRDA:64,2,1,209
BRDA:77,3,0,0
BRDA:77,3,1,4
BRDA:77,4,0,4
BRDA:77,4,1,0
BRF:10
BRH:7
end_of_record
TN:
SF:src/pages/Welcome/Welcome.js
FN:11,(anonymous_0)
FN:19,(anonymous_1)
FN:21,(anonymous_2)
FN:44,(anonymous_3)
FN:49,(anonymous_4)
FN:70,(anonymous_5)
FNF:6
FNH:4
FNDA:6,(anonymous_0)
FNDA:1,(anonymous_1)
FNDA:5,(anonymous_2)
FNDA:0,(anonymous_3)
FNDA:0,(anonymous_4)
FNDA:15,(anonymous_5)
DA:10,2
DA:11,2
DA:12,6
DA:14,6
DA:19,6
DA:21,6
DA:22,5
DA:23,1
DA:24,1
DA:28,6
DA:29,0
DA:32,6
DA:33,1
DA:42,5
DA:44,5
DA:45,0
DA:46,0
DA:49,5
DA:50,0
DA:51,0
DA:54,5
DA:73,15
LF:22
LH:17
BRDA:22,0,0,1
BRDA:22,0,1,4
BRDA:28,1,0,0
BRDA:28,1,1,6
BRDA:28,2,0,6
BRDA:28,2,1,1
BRDA:32,3,0,1
BRDA:32,3,1,5
BRDA:32,4,0,6
BRDA:32,4,1,1
BRDA:45,5,0,0
BRDA:45,5,1,0
BRDA:50,6,0,0
BRDA:50,6,1,0
BRDA:70,7,0,5
BRDA:70,7,1,5
BRF:16
BRH:11
end_of_record
TN:
SF:src/redux/store.js
FNF:0
FNH:0
DA:7,10
DA:13,10
LF:2
LH:2
BRF:0
BRH:0
end_of_record
TN:
SF:src/redux/bookDoctor/doctorActions.js
FN:26,(anonymous_0)
FN:31,(anonymous_1)
FN:36,(anonymous_2)
FN:41,(anonymous_3)
FN:46,(anonymous_4)
FN:50,(anonymous_5)
FN:55,(anonymous_6)
FN:60,(anonymous_7)
FN:65,(anonymous_8)
FN:70,(anonymous_9)
FN:78,(anonymous_10)
FNF:11
FNH:3
FNDA:0,(anonymous_0)
FNDA:0,(anonymous_1)
FNDA:0,(anonymous_2)
FNDA:2,(anonymous_3)
FNDA:8,(anonymous_4)
FNDA:0,(anonymous_5)
FNDA:0,(anonymous_6)
FNDA:0,(anonymous_7)
FNDA:0,(anonymous_8)
FNDA:0,(anonymous_9)
FNDA:45,(anonymous_10)
DA:2,13
DA:3,13
DA:4,13
DA:5,13
DA:6,13
DA:7,13
DA:8,13
DA:9,13
DA:10,13
DA:11,13
DA:12,13
DA:15,13
DA:26,13
DA:31,13
DA:36,13
DA:41,13
DA:46,13
DA:50,13
DA:55,13
DA:60,13
DA:65,13
DA:70,13
DA:78,13
DA:79,45
DA:81,1
DA:83,0
DA:85,0
DA:86,0
DA:89,2
DA:91,7
DA:93,0
DA:95,1
DA:97,0
DA:99,0
DA:101,1
DA:103,0
DA:105,33
LF:37
LH:30
BRDA:78,0,0,30
BRDA:79,1,0,1
BRDA:79,1,1,0
BRDA:79,1,2,0
BRDA:79,1,3,2
BRDA:79,1,4,7
BRDA:79,1,5,0
BRDA:79,1,6,1
BRDA:79,1,7,0
BRDA:79,1,8,0
BRDA:79,1,9,1
BRDA:79,1,10,0
BRDA:79,1,11,33
BRF:13
BRH:7
end_of_record
TN:
SF:src/redux/bookDoctor/doctorThunks.js
FN:9,(anonymous_0)
FN:9,(anonymous_1)
FN:12,(anonymous_2)
FN:23,(anonymous_3)
FN:23,(anonymous_4)
FN:35,(anonymous_5)
FN:35,(anonymous_6)
FN:39,(anonymous_7)
FN:40,(anonymous_8)
FN:54,(anonymous_9)
FN:54,(anonymous_10)
FN:59,(anonymous_11)
FN:59,(anonymous_12)
FN:74,(anonymous_13)
FN:74,(anonymous_14)
FN:78,(anonymous_15)
FN:79,(anonymous_16)
FNF:17
FNH:8
FNDA:5,(anonymous_0)
FNDA:4,(anonymous_1)
FNDA:0,(anonymous_2)
FNDA:0,(anonymous_3)
FNDA:0,(anonymous_4)
FNDA:2,(anonymous_5)
FNDA:2,(anonymous_6)
FNDA:2,(anonymous_7)
FNDA:2,(anonymous_8)
FNDA:0,(anonymous_9)
FNDA:0,(anonymous_10)
FNDA:2,(anonymous_11)
FNDA:2,(anonymous_12)
FNDA:0,(anonymous_13)
FNDA:0,(anonymous_14)
FNDA:0,(anonymous_15)
FNDA:0,(anonymous_16)
DA:9,11
DA:10,4
DA:11,4
DA:12,4
DA:13,0
DA:14,0
DA:15,0
DA:16,0
DA:18,0
DA:19,0
DA:23,11
DA:24,0
DA:25,0
DA:26,0
DA:27,0
DA:28,0
DA:30,0
DA:31,0
DA:35,11
DA:36,2
DA:37,2
DA:38,2
DA:39,2
DA:41,2
DA:42,2
DA:43,2
DA:44,0
DA:45,0
DA:46,0
DA:48,2
DA:51,2
DA:54,11
DA:55,0
DA:56,0
DA:59,11
DA:60,2
DA:67,0
DA:68,0
DA:70,0
DA:74,11
DA:75,0
DA:76,0
DA:77,0
DA:78,0
DA:80,0
DA:81,0
DA:82,0
DA:83,0
DA:84,0
DA:86,0
DA:89,0
LF:51
LH:19
BRDA:43,0,0,0
BRDA:43,0,1,2
BRDA:56,1,0,0
BRDA:56,1,1,0
BRDA:67,2,0,0
BRDA:67,2,1,0
BRDA:82,3,0,0
BRDA:82,3,1,0
BRF:8
BRH:1
end_of_record
TN:
SF:src/redux/user/userActions.js
FN:10,(anonymous_0)
FN:50,(anonymous_1)
FN:55,(anonymous_2)
FN:60,(anonymous_3)
FNF:4
FNH:3
FNDA:44,(anonymous_0)
FNDA:0,(anonymous_1)
FNDA:3,(anonymous_2)
FNDA:1,(anonymous_3)
DA:1,14
DA:2,14
DA:3,14
DA:5,14
DA:10,14
DA:11,44
DA:13,1
DA:20,1
DA:26,3
DA:27,3
DA:28,2
DA:30,3
DA:31,1
DA:33,3
DA:34,1
DA:36,3
DA:43,39
DA:50,14
DA:55,14
DA:60,14
LF:20
LH:20
BRDA:10,0,0,30
BRDA:11,1,0,1
BRDA:11,1,1,1
BRDA:11,1,2,3
BRDA:11,1,3,39
BRDA:27,2,0,2
BRDA:27,2,1,1
BRDA:30,3,0,1
BRDA:30,3,1,2
BRDA:33,4,0,1
BRDA:33,4,1,2
BRF:11
BRH:11
end_of_record
TN:
SF:src/redux/user/userThunks.js
FN:5,(anonymous_0)
FN:5,(anonymous_1)
FNF:2
FNH:2
FNDA:6,(anonymous_0)
FNDA:6,(anonymous_1)
DA:5,6
DA:6,6
DA:7,3
DA:8,3
DA:10,0
DA:11,0
LF:6
LH:4
BRDA:7,0,0,3
BRDA:7,0,1,0
BRF:2
BRH:1
end_of_record
